# JRE version: OpenJDK Runtime Environment (8.0_242-b01) (build 1.8.0_242-release-1644-b01)
# Java VM: OpenJDK 64-Bit Server VM (25.242-b01 mixed mode windows-amd64 compressed oops)
Heap:
 PSYoungGen      total 529408K, used 316590K [0x00000000d5580000, 0x00000000fb800000, 0x0000000100000000)
  eden space 458240K, 66% used [0x00000000d5580000,0x00000000e7d582c8,0x00000000f1500000)
  from space 71168K, 19% used [0x00000000f1500000,0x00000000f22535c8,0x00000000f5a80000)
  to   space 68608K, 0% used [0x00000000f7500000,0x00000000f7500000,0x00000000fb800000)
 ParOldGen       total 291840K, used 161552K [0x0000000080000000, 0x0000000091d00000, 0x00000000d5580000)
  object space 291840K, 55% used [0x0000000080000000,0x0000000089dc4040,0x0000000091d00000)
 Metaspace       used 118888K, capacity 125000K, committed 125528K, reserved 1157120K
  class space    used 15683K, capacity 16856K, committed 17024K, reserved 1048576K
GC Heap History (10 events):
Event: 17.449 GC heap before
{Heap before GC invocations=20 (full 4):
 PSYoungGen      total 377344K, used 359133K [0x00000000d5580000, 0x00000000f6500000, 0x0000000100000000)
  eden space 350208K, 99% used [0x00000000d5580000,0x00000000eab70958,0x00000000eab80000)
  from space 27136K, 33% used [0x00000000eab80000,0x00000000eb446ca0,0x00000000ec600000)
  to   space 44032K, 0% used [0x00000000f3a00000,0x00000000f3a00000,0x00000000f6500000)
 ParOldGen       total 193024K, used 98284K [0x0000000080000000, 0x000000008bc80000, 0x00000000d5580000)
  object space 193024K, 50% used [0x0000000080000000,0x0000000085ffb140,0x000000008bc80000)
 Metaspace       used 82801K, capacity 86972K, committed 89560K, reserved 1126400K
  class space    used 11343K, capacity 12095K, committed 12800K, reserved 1048576K
Event: 17.541 GC heap after
Heap after GC invocations=20 (full 4):
 PSYoungGen      total 467456K, used 44026K [0x00000000d5580000, 0x00000000f8f80000, 0x0000000100000000)
  eden space 423424K, 0% used [0x00000000d5580000,0x00000000d5580000,0x00000000ef300000)
  from space 44032K, 99% used [0x00000000f3a00000,0x00000000f64fe968,0x00000000f6500000)
  to   space 72704K, 0% used [0x00000000ef300000,0x00000000ef300000,0x00000000f3a00000)
 ParOldGen       total 193024K, used 154524K [0x0000000080000000, 0x000000008bc80000, 0x00000000d5580000)
  object space 193024K, 80% used [0x0000000080000000,0x00000000896e7280,0x000000008bc80000)
 Metaspace       used 82801K, capacity 86972K, committed 89560K, reserved 1126400K
  class space    used 11343K, capacity 12095K, committed 12800K, reserved 1048576K
}
Event: 17.541 GC heap before
{Heap before GC invocations=21 (full 5):
 PSYoungGen      total 467456K, used 44026K [0x00000000d5580000, 0x00000000f8f80000, 0x0000000100000000)
  eden space 423424K, 0% used [0x00000000d5580000,0x00000000d5580000,0x00000000ef300000)
  from space 44032K, 99% used [0x00000000f3a00000,0x00000000f64fe968,0x00000000f6500000)
  to   space 72704K, 0% used [0x00000000ef300000,0x00000000ef300000,0x00000000f3a00000)
 ParOldGen       total 193024K, used 154524K [0x0000000080000000, 0x000000008bc80000, 0x00000000d5580000)
  object space 193024K, 80% used [0x0000000080000000,0x00000000896e7280,0x000000008bc80000)
 Metaspace       used 82801K, capacity 86972K, committed 89560K, reserved 1126400K
  class space    used 11343K, capacity 12095K, committed 12800K, reserved 1048576K
Event: 18.072 GC heap after
Heap after GC invocations=21 (full 5):
 PSYoungGen      total 467456K, used 0K [0x00000000d5580000, 0x00000000f8f80000, 0x0000000100000000)
  eden space 423424K, 0% used [0x00000000d5580000,0x00000000d5580000,0x00000000ef300000)
  from space 44032K, 0% used [0x00000000f3a00000,0x00000000f3a00000,0x00000000f6500000)
  to   space 72704K, 0% used [0x00000000ef300000,0x00000000ef300000,0x00000000f3a00000)
 ParOldGen       total 291840K, used 161528K [0x0000000080000000, 0x0000000091d00000, 0x00000000d5580000)
  object space 291840K, 55% used [0x0000000080000000,0x0000000089dbe040,0x0000000091d00000)
 Metaspace       used 82765K, capacity 86860K, committed 89560K, reserved 1126400K
  class space    used 11330K, capacity 12073K, committed 12800K, reserved 1048576K
}
Event: 988.302 GC heap before
{Heap before GC invocations=22 (full 5):
 PSYoungGen      total 467456K, used 423424K [0x00000000d5580000, 0x00000000f8f80000, 0x0000000100000000)
  eden space 423424K, 100% used [0x00000000d5580000,0x00000000ef300000,0x00000000ef300000)
  from space 44032K, 0% used [0x00000000f3a00000,0x00000000f3a00000,0x00000000f6500000)
  to   space 72704K, 0% used [0x00000000ef300000,0x00000000ef300000,0x00000000f3a00000)
 ParOldGen       total 291840K, used 161528K [0x0000000080000000, 0x0000000091d00000, 0x00000000d5580000)
  object space 291840K, 55% used [0x0000000080000000,0x0000000089dbe040,0x0000000091d00000)
 Metaspace       used 89466K, capacity 93766K, committed 95832K, reserved 1132544K
  class space    used 11912K, capacity 12740K, committed 13440K, reserved 1048576K
Event: 988.338 GC heap after
Heap after GC invocations=22 (full 5):
 PSYoungGen      total 496128K, used 40181K [0x00000000d5580000, 0x00000000fac00000, 0x0000000100000000)
  eden space 423424K, 0% used [0x00000000d5580000,0x00000000d5580000,0x00000000ef300000)
  from space 72704K, 55% used [0x00000000ef300000,0x00000000f1a3d570,0x00000000f3a00000)
  to   space 73216K, 0% used [0x00000000f6480000,0x00000000f6480000,0x00000000fac00000)
 ParOldGen       total 291840K, used 161536K [0x0000000080000000, 0x0000000091d00000, 0x00000000d5580000)
  object space 291840K, 55% used [0x0000000080000000,0x0000000089dc0040,0x0000000091d00000)
 Metaspace       used 89466K, capacity 93766K, committed 95832K, reserved 1132544K
  class space    used 11912K, capacity 12740K, committed 13440K, reserved 1048576K
}
Event: 1066.093 GC heap before
{Heap before GC invocations=23 (full 5):
 PSYoungGen      total 496128K, used 463605K [0x00000000d5580000, 0x00000000fac00000, 0x0000000100000000)
  eden space 423424K, 100% used [0x00000000d5580000,0x00000000ef300000,0x00000000ef300000)
  from space 72704K, 55% used [0x00000000ef300000,0x00000000f1a3d570,0x00000000f3a00000)
  to   space 73216K, 0% used [0x00000000f6480000,0x00000000f6480000,0x00000000fac00000)
 ParOldGen       total 291840K, used 161536K [0x0000000080000000, 0x0000000091d00000, 0x00000000d5580000)
  object space 291840K, 55% used [0x0000000080000000,0x0000000089dc0040,0x0000000091d00000)
 Metaspace       used 93148K, capacity 97828K, committed 99416K, reserved 1134592K
  class space    used 12286K, capacity 13161K, committed 13696K, reserved 1048576K
Event: 1066.106 GC heap after
Heap after GC invocations=23 (full 5):
 PSYoungGen      total 519168K, used 11099K [0x00000000d5580000, 0x00000000fa000000, 0x0000000100000000)
  eden space 458240K, 0% used [0x00000000d5580000,0x00000000d5580000,0x00000000f1500000)
  from space 60928K, 18% used [0x00000000f6480000,0x00000000f6f56f38,0x00000000fa000000)
  to   space 71168K, 0% used [0x00000000f1500000,0x00000000f1500000,0x00000000f5a80000)
 ParOldGen       total 291840K, used 161544K [0x0000000080000000, 0x0000000091d00000, 0x00000000d5580000)
  object space 291840K, 55% used [0x0000000080000000,0x0000000089dc2040,0x0000000091d00000)
 Metaspace       used 93148K, capacity 97828K, committed 99416K, reserved 1134592K
  class space    used 12286K, capacity 13161K, committed 13696K, reserved 1048576K
}
Event: 1087.519 GC heap before
{Heap before GC invocations=24 (full 5):
 PSYoungGen      total 519168K, used 469339K [0x00000000d5580000, 0x00000000fa000000, 0x0000000100000000)
  eden space 458240K, 100% used [0x00000000d5580000,0x00000000f1500000,0x00000000f1500000)
  from space 60928K, 18% used [0x00000000f6480000,0x00000000f6f56f38,0x00000000fa000000)
  to   space 71168K, 0% used [0x00000000f1500000,0x00000000f1500000,0x00000000f5a80000)
 ParOldGen       total 291840K, used 161544K [0x0000000080000000, 0x0000000091d00000, 0x00000000d5580000)
  object space 291840K, 55% used [0x0000000080000000,0x0000000089dc2040,0x0000000091d00000)
 Metaspace       used 97951K, capacity 102862K, committed 104024K, reserved 1138688K
  class space    used 12837K, capacity 13738K, committed 14208K, reserved 1048576K
Event: 1087.530 GC heap after
Heap after GC invocations=24 (full 5):
 PSYoungGen      total 529408K, used 13645K [0x00000000d5580000, 0x00000000fb800000, 0x0000000100000000)
  eden space 458240K, 0% used [0x00000000d5580000,0x00000000d5580000,0x00000000f1500000)
  from space 71168K, 19% used [0x00000000f1500000,0x00000000f22535c8,0x00000000f5a80000)
  to   space 68608K, 0% used [0x00000000f7500000,0x00000000f7500000,0x00000000fb800000)
 ParOldGen       total 291840K, used 161552K [0x0000000080000000, 0x0000000091d00000, 0x00000000d5580000)
  object space 291840K, 55% used [0x0000000080000000,0x0000000089dc4040,0x0000000091d00000)
 Metaspace       used 97951K, capacity 102862K, committed 104024K, reserved 1138688K
  class space    used 12837K, capacity 13738K, committed 14208K, reserved 1048576K
}

