# JRE version: OpenJDK Runtime Environment (8.0_242-b01) (build 1.8.0_242-release-1644-b01)
# Java VM: OpenJDK 64-Bit Server VM (25.242-b01 mixed mode windows-amd64 compressed oops)
Heap:
 PSYoungGen      total 578560K, used 359419K [0x00000000d5580000, 0x0000000100000000, 0x0000000100000000)
  eden space 458240K, 72% used [0x00000000d5580000,0x00000000e9b94140,0x00000000f1500000)
  from space 120320K, 21% used [0x00000000f1500000,0x00000000f2deac40,0x00000000f8a80000)
  to   space 117760K, 0% used [0x00000000f8d00000,0x00000000f8d00000,0x0000000100000000)
 ParOldGen       total 334336K, used 194828K [0x0000000080000000, 0x0000000094680000, 0x00000000d5580000)
  object space 334336K, 58% used [0x0000000080000000,0x000000008be43120,0x0000000094680000)
 Metaspace       used 94547K, capacity 99754K, committed 99800K, reserved 1136640K
  class space    used 12378K, capacity 13292K, committed 13312K, reserved 1048576K
GC Heap History (10 events):
Event: 52.753 GC heap before
{Heap before GC invocations=39 (full 5):
 PSYoungGen      total 630272K, used 629340K [0x00000000d5580000, 0x0000000100000000, 0x0000000100000000)
  eden space 579072K, 99% used [0x00000000d5580000,0x00000000f8a3c308,0x00000000f8b00000)
  from space 51200K, 99% used [0x00000000f8b00000,0x00000000fbcdb040,0x00000000fbd00000)
  to   space 64512K, 0% used [0x00000000fc100000,0x00000000fc100000,0x0000000100000000)
 ParOldGen       total 273920K, used 181228K [0x0000000080000000, 0x0000000090b80000, 0x00000000d5580000)
  object space 273920K, 66% used [0x0000000080000000,0x000000008b0fb1a0,0x0000000090b80000)
 Metaspace       used 86174K, capacity 90914K, committed 91096K, reserved 1128448K
  class space    used 11618K, capacity 12488K, committed 12544K, reserved 1048576K
Event: 52.864 GC heap after
Heap after GC invocations=39 (full 5):
 PSYoungGen      total 592384K, used 64500K [0x00000000d5580000, 0x0000000100000000, 0x0000000100000000)
  eden space 527872K, 0% used [0x00000000d5580000,0x00000000d5580000,0x00000000f5900000)
  from space 64512K, 99% used [0x00000000fc100000,0x00000000ffffd350,0x0000000100000000)
  to   space 85504K, 0% used [0x00000000f5900000,0x00000000f5900000,0x00000000fac80000)
 ParOldGen       total 273920K, used 215436K [0x0000000080000000, 0x0000000090b80000, 0x00000000d5580000)
  object space 273920K, 78% used [0x0000000080000000,0x000000008d263128,0x0000000090b80000)
 Metaspace       used 86174K, capacity 90914K, committed 91096K, reserved 1128448K
  class space    used 11618K, capacity 12488K, committed 12544K, reserved 1048576K
}
Event: 147.419 GC heap before
{Heap before GC invocations=40 (full 5):
 PSYoungGen      total 592384K, used 592372K [0x00000000d5580000, 0x0000000100000000, 0x0000000100000000)
  eden space 527872K, 100% used [0x00000000d5580000,0x00000000f5900000,0x00000000f5900000)
  from space 64512K, 99% used [0x00000000fc100000,0x00000000ffffd350,0x0000000100000000)
  to   space 85504K, 0% used [0x00000000f5900000,0x00000000f5900000,0x00000000fac80000)
 ParOldGen       total 273920K, used 215436K [0x0000000080000000, 0x0000000090b80000, 0x00000000d5580000)
  object space 273920K, 78% used [0x0000000080000000,0x000000008d263128,0x0000000090b80000)
 Metaspace       used 93287K, capacity 98314K, committed 98520K, reserved 1134592K
  class space    used 12309K, capacity 13226K, committed 13312K, reserved 1048576K
Event: 147.482 GC heap after
Heap after GC invocations=40 (full 5):
 PSYoungGen      total 613376K, used 50687K [0x00000000d5580000, 0x0000000100000000, 0x0000000100000000)
  eden space 527872K, 0% used [0x00000000d5580000,0x00000000d5580000,0x00000000f5900000)
  from space 85504K, 59% used [0x00000000f5900000,0x00000000f8a7fe80,0x00000000fac80000)
  to   space 84992K, 0% used [0x00000000fad00000,0x00000000fad00000,0x0000000100000000)
 ParOldGen       total 273920K, used 221676K [0x0000000080000000, 0x0000000090b80000, 0x00000000d5580000)
  object space 273920K, 80% used [0x0000000080000000,0x000000008d87b380,0x0000000090b80000)
 Metaspace       used 93287K, capacity 98314K, committed 98520K, reserved 1134592K
  class space    used 12309K, capacity 13226K, committed 13312K, reserved 1048576K
}
Event: 148.786 GC heap before
{Heap before GC invocations=41 (full 5):
 PSYoungGen      total 613376K, used 578216K [0x00000000d5580000, 0x0000000100000000, 0x0000000100000000)
  eden space 527872K, 99% used [0x00000000d5580000,0x00000000f58aa4b0,0x00000000f5900000)
  from space 85504K, 59% used [0x00000000f5900000,0x00000000f8a7fe80,0x00000000fac80000)
  to   space 84992K, 0% used [0x00000000fad00000,0x00000000fad00000,0x0000000100000000)
 ParOldGen       total 273920K, used 221676K [0x0000000080000000, 0x0000000090b80000, 0x00000000d5580000)
  object space 273920K, 80% used [0x0000000080000000,0x000000008d87b380,0x0000000090b80000)
 Metaspace       used 93933K, capacity 99056K, committed 99288K, reserved 1134592K
  class space    used 12374K, capacity 13291K, committed 13312K, reserved 1048576K
Event: 148.902 GC heap after
Heap after GC invocations=41 (full 5):
 PSYoungGen      total 543232K, used 84973K [0x00000000d5580000, 0x0000000100000000, 0x0000000100000000)
  eden space 458240K, 0% used [0x00000000d5580000,0x00000000d5580000,0x00000000f1500000)
  from space 84992K, 99% used [0x00000000fad00000,0x00000000ffffb528,0x0000000100000000)
  to   space 120320K, 0% used [0x00000000f1500000,0x00000000f1500000,0x00000000f8a80000)
 ParOldGen       total 283648K, used 283380K [0x0000000080000000, 0x0000000091500000, 0x00000000d5580000)
  object space 283648K, 99% used [0x0000000080000000,0x00000000914bd380,0x0000000091500000)
 Metaspace       used 93933K, capacity 99056K, committed 99288K, reserved 1134592K
  class space    used 12374K, capacity 13291K, committed 13312K, reserved 1048576K
}
Event: 148.902 GC heap before
{Heap before GC invocations=42 (full 6):
 PSYoungGen      total 543232K, used 84973K [0x00000000d5580000, 0x0000000100000000, 0x0000000100000000)
  eden space 458240K, 0% used [0x00000000d5580000,0x00000000d5580000,0x00000000f1500000)
  from space 84992K, 99% used [0x00000000fad00000,0x00000000ffffb528,0x0000000100000000)
  to   space 120320K, 0% used [0x00000000f1500000,0x00000000f1500000,0x00000000f8a80000)
 ParOldGen       total 283648K, used 283380K [0x0000000080000000, 0x0000000091500000, 0x00000000d5580000)
  object space 283648K, 99% used [0x0000000080000000,0x00000000914bd380,0x0000000091500000)
 Metaspace       used 93933K, capacity 99056K, committed 99288K, reserved 1134592K
  class space    used 12374K, capacity 13291K, committed 13312K, reserved 1048576K
Event: 149.370 GC heap after
Heap after GC invocations=42 (full 6):
 PSYoungGen      total 543232K, used 0K [0x00000000d5580000, 0x0000000100000000, 0x0000000100000000)
  eden space 458240K, 0% used [0x00000000d5580000,0x00000000d5580000,0x00000000f1500000)
  from space 84992K, 0% used [0x00000000fad00000,0x00000000fad00000,0x0000000100000000)
  to   space 120320K, 0% used [0x00000000f1500000,0x00000000f1500000,0x00000000f8a80000)
 ParOldGen       total 334336K, used 194820K [0x0000000080000000, 0x0000000094680000, 0x00000000d5580000)
  object space 334336K, 58% used [0x0000000080000000,0x000000008be41120,0x0000000094680000)
 Metaspace       used 93873K, capacity 98878K, committed 99288K, reserved 1134592K
  class space    used 12354K, capacity 13256K, committed 13312K, reserved 1048576K
}
Event: 521.314 GC heap before
{Heap before GC invocations=43 (full 6):
 PSYoungGen      total 543232K, used 458240K [0x00000000d5580000, 0x0000000100000000, 0x0000000100000000)
  eden space 458240K, 100% used [0x00000000d5580000,0x00000000f1500000,0x00000000f1500000)
  from space 84992K, 0% used [0x00000000fad00000,0x00000000fad00000,0x0000000100000000)
  to   space 120320K, 0% used [0x00000000f1500000,0x00000000f1500000,0x00000000f8a80000)
 ParOldGen       total 334336K, used 194820K [0x0000000080000000, 0x0000000094680000, 0x00000000d5580000)
  object space 334336K, 58% used [0x0000000080000000,0x000000008be41120,0x0000000094680000)
 Metaspace       used 94498K, capacity 99664K, committed 99800K, reserved 1136640K
  class space    used 12377K, capacity 13289K, committed 13312K, reserved 1048576K
Event: 521.338 GC heap after
Heap after GC invocations=43 (full 6):
 PSYoungGen      total 578560K, used 25515K [0x00000000d5580000, 0x0000000100000000, 0x0000000100000000)
  eden space 458240K, 0% used [0x00000000d5580000,0x00000000d5580000,0x00000000f1500000)
  from space 120320K, 21% used [0x00000000f1500000,0x00000000f2deac40,0x00000000f8a80000)
  to   space 117760K, 0% used [0x00000000f8d00000,0x00000000f8d00000,0x0000000100000000)
 ParOldGen       total 334336K, used 194828K [0x0000000080000000, 0x0000000094680000, 0x00000000d5580000)
  object space 334336K, 58% used [0x0000000080000000,0x000000008be43120,0x0000000094680000)
 Metaspace       used 94498K, capacity 99664K, committed 99800K, reserved 1136640K
  class space    used 12377K, capacity 13289K, committed 13312K, reserved 1048576K
}

