# JRE version: OpenJDK Runtime Environment (8.0_242-b01) (build 1.8.0_242-release-1644-b01)
# Java VM: OpenJDK 64-Bit Server VM (25.242-b01 mixed mode windows-amd64 compressed oops)
Heap:
 PSYoungGen      total 346112K, used 217523K [0x00000000d5580000, 0x00000000ef700000, 0x0000000100000000)
  eden space 308736K, 58% used [0x00000000d5580000,0x00000000e0572a20,0x00000000e8300000)
  from space 37376K, 99% used [0x00000000ed280000,0x00000000ef6fa388,0x00000000ef700000)
  to   space 36864K, 0% used [0x00000000e8300000,0x00000000e8300000,0x00000000ea700000)
 ParOldGen       total 204800K, used 111232K [0x0000000080000000, 0x000000008c800000, 0x00000000d5580000)
  object space 204800K, 54% used [0x0000000080000000,0x0000000086ca0158,0x000000008c800000)
 Metaspace       used 120592K, capacity 127820K, committed 128076K, reserved 1161216K
  class space    used 15843K, capacity 17186K, committed 17280K, reserved 1048576K
GC Heap History (10 events):
Event: 1513.164 GC heap before
{Heap before GC invocations=24 (full 4):
 PSYoungGen      total 281600K, used 281595K [0x00000000d5580000, 0x00000000eb280000, 0x0000000100000000)
  eden space 249344K, 99% used [0x00000000d5580000,0x00000000e48ffbc0,0x00000000e4900000)
  from space 32256K, 99% used [0x00000000e4900000,0x00000000e687f060,0x00000000e6880000)
  to   space 38912K, 0% used [0x00000000e8c80000,0x00000000e8c80000,0x00000000eb280000)
 ParOldGen       total 204800K, used 78071K [0x0000000080000000, 0x000000008c800000, 0x00000000d5580000)
  object space 204800K, 38% used [0x0000000080000000,0x0000000084c3dd88,0x000000008c800000)
 Metaspace       used 103932K, capacity 109192K, committed 109260K, reserved 1144832K
  class space    used 13499K, capacity 14545K, committed 14592K, reserved 1048576K
Event: 1513.200 GC heap after
Heap after GC invocations=24 (full 4):
 PSYoungGen      total 318464K, used 5564K [0x00000000d5580000, 0x00000000eb880000, 0x0000000100000000)
  eden space 279552K, 0% used [0x00000000d5580000,0x00000000d5580000,0x00000000e6680000)
  from space 38912K, 14% used [0x00000000e8c80000,0x00000000e91ef178,0x00000000eb280000)
  to   space 38912K, 0% used [0x00000000e6680000,0x00000000e6680000,0x00000000e8c80000)
 ParOldGen       total 204800K, used 109659K [0x0000000080000000, 0x000000008c800000, 0x00000000d5580000)
  object space 204800K, 53% used [0x0000000080000000,0x0000000086b16d48,0x000000008c800000)
 Metaspace       used 103932K, capacity 109192K, committed 109260K, reserved 1144832K
  class space    used 13499K, capacity 14545K, committed 14592K, reserved 1048576K
}
Event: 1519.274 GC heap before
{Heap before GC invocations=25 (full 4):
 PSYoungGen      total 318464K, used 285116K [0x00000000d5580000, 0x00000000eb880000, 0x0000000100000000)
  eden space 279552K, 100% used [0x00000000d5580000,0x00000000e6680000,0x00000000e6680000)
  from space 38912K, 14% used [0x00000000e8c80000,0x00000000e91ef178,0x00000000eb280000)
  to   space 38912K, 0% used [0x00000000e6680000,0x00000000e6680000,0x00000000e8c80000)
 ParOldGen       total 204800K, used 109659K [0x0000000080000000, 0x000000008c800000, 0x00000000d5580000)
  object space 204800K, 53% used [0x0000000080000000,0x0000000086b16d48,0x000000008c800000)
 Metaspace       used 105114K, capacity 110428K, committed 110668K, reserved 1144832K
  class space    used 13630K, capacity 14677K, committed 14720K, reserved 1048576K
Event: 1519.284 GC heap after
Heap after GC invocations=25 (full 4):
 PSYoungGen      total 318464K, used 8539K [0x00000000d5580000, 0x00000000ed300000, 0x0000000100000000)
  eden space 279552K, 0% used [0x00000000d5580000,0x00000000d5580000,0x00000000e6680000)
  from space 38912K, 21% used [0x00000000e6680000,0x00000000e6ed6ce0,0x00000000e8c80000)
  to   space 37888K, 0% used [0x00000000eae00000,0x00000000eae00000,0x00000000ed300000)
 ParOldGen       total 204800K, used 109667K [0x0000000080000000, 0x000000008c800000, 0x00000000d5580000)
  object space 204800K, 53% used [0x0000000080000000,0x0000000086b18d48,0x000000008c800000)
 Metaspace       used 105114K, capacity 110428K, committed 110668K, reserved 1144832K
  class space    used 13630K, capacity 14677K, committed 14720K, reserved 1048576K
}
Event: 1543.127 GC heap before
{Heap before GC invocations=26 (full 4):
 PSYoungGen      total 318464K, used 288091K [0x00000000d5580000, 0x00000000ed300000, 0x0000000100000000)
  eden space 279552K, 100% used [0x00000000d5580000,0x00000000e6680000,0x00000000e6680000)
  from space 38912K, 21% used [0x00000000e6680000,0x00000000e6ed6ce0,0x00000000e8c80000)
  to   space 37888K, 0% used [0x00000000eae00000,0x00000000eae00000,0x00000000ed300000)
 ParOldGen       total 204800K, used 109667K [0x0000000080000000, 0x000000008c800000, 0x00000000d5580000)
  object space 204800K, 53% used [0x0000000080000000,0x0000000086b18d48,0x000000008c800000)
 Metaspace       used 106772K, capacity 112150K, committed 112204K, reserved 1146880K
  class space    used 13887K, capacity 14966K, committed 14976K, reserved 1048576K
Event: 1543.138 GC heap after
Heap after GC invocations=26 (full 4):
 PSYoungGen      total 338432K, used 8474K [0x00000000d5580000, 0x00000000ecb00000, 0x0000000100000000)
  eden space 308736K, 0% used [0x00000000d5580000,0x00000000d5580000,0x00000000e8300000)
  from space 29696K, 28% used [0x00000000eae00000,0x00000000eb646988,0x00000000ecb00000)
  to   space 36864K, 0% used [0x00000000e8300000,0x00000000e8300000,0x00000000ea700000)
 ParOldGen       total 204800K, used 109675K [0x0000000080000000, 0x000000008c800000, 0x00000000d5580000)
  object space 204800K, 53% used [0x0000000080000000,0x0000000086b1ad48,0x000000008c800000)
 Metaspace       used 106772K, capacity 112150K, committed 112204K, reserved 1146880K
  class space    used 13887K, capacity 14966K, committed 14976K, reserved 1048576K
}
Event: 1545.735 GC heap before
{Heap before GC invocations=27 (full 4):
 PSYoungGen      total 338432K, used 317210K [0x00000000d5580000, 0x00000000ecb00000, 0x0000000100000000)
  eden space 308736K, 100% used [0x00000000d5580000,0x00000000e8300000,0x00000000e8300000)
  from space 29696K, 28% used [0x00000000eae00000,0x00000000eb646988,0x00000000ecb00000)
  to   space 36864K, 0% used [0x00000000e8300000,0x00000000e8300000,0x00000000ea700000)
 ParOldGen       total 204800K, used 109675K [0x0000000080000000, 0x000000008c800000, 0x00000000d5580000)
  object space 204800K, 53% used [0x0000000080000000,0x0000000086b1ad48,0x000000008c800000)
 Metaspace       used 112578K, capacity 118222K, committed 118476K, reserved 1153024K
  class space    used 14639K, capacity 15767K, committed 15872K, reserved 1048576K
Event: 1545.780 GC heap after
Heap after GC invocations=27 (full 4):
 PSYoungGen      total 345600K, used 22981K [0x00000000d5580000, 0x00000000ef700000, 0x0000000100000000)
  eden space 308736K, 0% used [0x00000000d5580000,0x00000000d5580000,0x00000000e8300000)
  from space 36864K, 62% used [0x00000000e8300000,0x00000000e9971668,0x00000000ea700000)
  to   space 37376K, 0% used [0x00000000ed280000,0x00000000ed280000,0x00000000ef700000)
 ParOldGen       total 204800K, used 109683K [0x0000000080000000, 0x000000008c800000, 0x00000000d5580000)
  object space 204800K, 53% used [0x0000000080000000,0x0000000086b1cd48,0x000000008c800000)
 Metaspace       used 112578K, capacity 118222K, committed 118476K, reserved 1153024K
  class space    used 14639K, capacity 15767K, committed 15872K, reserved 1048576K
}
Event: 1547.290 GC heap before
{Heap before GC invocations=28 (full 4):
 PSYoungGen      total 345600K, used 331628K [0x00000000d5580000, 0x00000000ef700000, 0x0000000100000000)
  eden space 308736K, 99% used [0x00000000d5580000,0x00000000e82e9c80,0x00000000e8300000)
  from space 36864K, 62% used [0x00000000e8300000,0x00000000e9971668,0x00000000ea700000)
  to   space 37376K, 0% used [0x00000000ed280000,0x00000000ed280000,0x00000000ef700000)
 ParOldGen       total 204800K, used 109683K [0x0000000080000000, 0x000000008c800000, 0x00000000d5580000)
  object space 204800K, 53% used [0x0000000080000000,0x0000000086b1cd48,0x000000008c800000)
 Metaspace       used 120080K, capacity 127298K, committed 127436K, reserved 1159168K
  class space    used 15796K, capacity 17137K, committed 17152K, reserved 1048576K
Event: 1547.329 GC heap after
Heap after GC invocations=28 (full 4):
 PSYoungGen      total 346112K, used 37352K [0x00000000d5580000, 0x00000000ef700000, 0x0000000100000000)
  eden space 308736K, 0% used [0x00000000d5580000,0x00000000d5580000,0x00000000e8300000)
  from space 37376K, 99% used [0x00000000ed280000,0x00000000ef6fa388,0x00000000ef700000)
  to   space 36864K, 0% used [0x00000000e8300000,0x00000000e8300000,0x00000000ea700000)
 ParOldGen       total 204800K, used 111232K [0x0000000080000000, 0x000000008c800000, 0x00000000d5580000)
  object space 204800K, 54% used [0x0000000080000000,0x0000000086ca0158,0x000000008c800000)
 Metaspace       used 120080K, capacity 127298K, committed 127436K, reserved 1159168K
  class space    used 15796K, capacity 17137K, committed 17152K, reserved 1048576K
}

