# JRE version: OpenJDK Runtime Environment (8.0_242-b01) (build 1.8.0_242-release-1644-b01)
# Java VM: OpenJDK 64-Bit Server VM (25.242-b01 mixed mode windows-amd64 compressed oops)
Heap:
 PSYoungGen      total 559104K, used 526127K [0x00000000d5580000, 0x0000000100000000, 0x0000000100000000)
  eden space 489984K, 93% used [0x00000000d5580000,0x00000000f13de678,0x00000000f3400000)
  from space 69120K, 99% used [0x00000000fbc80000,0x00000000ffffe4d8,0x0000000100000000)
  to   space 104448K, 0% used [0x00000000f3400000,0x00000000f3400000,0x00000000f9a00000)
 ParOldGen       total 249856K, used 166619K [0x0000000080000000, 0x000000008f400000, 0x00000000d5580000)
  object space 249856K, 66% used [0x0000000080000000,0x000000008a2b6ef0,0x000000008f400000)
 Metaspace       used 169844K, capacity 177123K, committed 177656K, reserved 1204224K
  class space    used 21541K, capacity 22927K, committed 23100K, reserved 1048576K
GC Heap History (10 events):
Event: 711.778 GC heap before
{Heap before GC invocations=25 (full 4):
 PSYoungGen      total 607232K, used 587742K [0x00000000d5580000, 0x00000000ff080000, 0x0000000100000000)
  eden space 556032K, 100% used [0x00000000d5580000,0x00000000f7480000,0x00000000f7480000)
  from space 51200K, 61% used [0x00000000fbe80000,0x00000000fdd77b60,0x00000000ff080000)
  to   space 63488K, 0% used [0x00000000f7480000,0x00000000f7480000,0x00000000fb280000)
 ParOldGen       total 177664K, used 143915K [0x0000000080000000, 0x000000008ad80000, 0x00000000d5580000)
  object space 177664K, 81% used [0x0000000080000000,0x0000000088c8af88,0x000000008ad80000)
 Metaspace       used 101279K, capacity 107272K, committed 107540K, reserved 1142784K
  class space    used 13404K, capacity 14520K, committed 14652K, reserved 1048576K
Event: 711.816 GC heap after
Heap after GC invocations=25 (full 4):
 PSYoungGen      total 619520K, used 36264K [0x00000000d5580000, 0x0000000100000000, 0x0000000100000000)
  eden space 556032K, 0% used [0x00000000d5580000,0x00000000d5580000,0x00000000f7480000)
  from space 63488K, 57% used [0x00000000f7480000,0x00000000f97ea308,0x00000000fb280000)
  to   space 64000K, 0% used [0x00000000fc180000,0x00000000fc180000,0x0000000100000000)
 ParOldGen       total 177664K, used 143915K [0x0000000080000000, 0x000000008ad80000, 0x00000000d5580000)
  object space 177664K, 81% used [0x0000000080000000,0x0000000088c8af88,0x000000008ad80000)
 Metaspace       used 101279K, capacity 107272K, committed 107540K, reserved 1142784K
  class space    used 13404K, capacity 14520K, committed 14652K, reserved 1048576K
}
Event: 724.303 GC heap before
{Heap before GC invocations=26 (full 4):
 PSYoungGen      total 619520K, used 592296K [0x00000000d5580000, 0x0000000100000000, 0x0000000100000000)
  eden space 556032K, 100% used [0x00000000d5580000,0x00000000f7480000,0x00000000f7480000)
  from space 63488K, 57% used [0x00000000f7480000,0x00000000f97ea308,0x00000000fb280000)
  to   space 64000K, 0% used [0x00000000fc180000,0x00000000fc180000,0x0000000100000000)
 ParOldGen       total 177664K, used 143915K [0x0000000080000000, 0x000000008ad80000, 0x00000000d5580000)
  object space 177664K, 81% used [0x0000000080000000,0x0000000088c8af88,0x000000008ad80000)
 Metaspace       used 110856K, capacity 117330K, committed 117524K, reserved 1150976K
  class space    used 14403K, capacity 15607K, committed 15676K, reserved 1048576K
Event: 724.349 GC heap after
Heap after GC invocations=26 (full 4):
 PSYoungGen      total 624640K, used 51136K [0x00000000d5580000, 0x0000000100000000, 0x0000000100000000)
  eden space 560640K, 0% used [0x00000000d5580000,0x00000000d5580000,0x00000000f7900000)
  from space 64000K, 79% used [0x00000000fc180000,0x00000000ff370030,0x0000000100000000)
  to   space 69120K, 0% used [0x00000000f7900000,0x00000000f7900000,0x00000000fbc80000)
 ParOldGen       total 177664K, used 143923K [0x0000000080000000, 0x000000008ad80000, 0x00000000d5580000)
  object space 177664K, 81% used [0x0000000080000000,0x0000000088c8cf88,0x000000008ad80000)
 Metaspace       used 110856K, capacity 117330K, committed 117524K, reserved 1150976K
  class space    used 14403K, capacity 15607K, committed 15676K, reserved 1048576K
}
Event: 727.754 GC heap before
{Heap before GC invocations=27 (full 4):
 PSYoungGen      total 624640K, used 301137K [0x00000000d5580000, 0x0000000100000000, 0x0000000100000000)
  eden space 560640K, 44% used [0x00000000d5580000,0x00000000e49a4698,0x00000000f7900000)
  from space 64000K, 79% used [0x00000000fc180000,0x00000000ff370030,0x0000000100000000)
  to   space 69120K, 0% used [0x00000000f7900000,0x00000000f7900000,0x00000000fbc80000)
 ParOldGen       total 177664K, used 143923K [0x0000000080000000, 0x000000008ad80000, 0x00000000d5580000)
  object space 177664K, 81% used [0x0000000080000000,0x0000000088c8cf88,0x000000008ad80000)
 Metaspace       used 139142K, capacity 146517K, committed 146808K, reserved 1177600K
  class space    used 18156K, capacity 19574K, committed 19644K, reserved 1048576K
Event: 727.831 GC heap after
Heap after GC invocations=27 (full 4):
 PSYoungGen      total 629760K, used 69101K [0x00000000d5580000, 0x0000000100000000, 0x0000000100000000)
  eden space 560640K, 0% used [0x00000000d5580000,0x00000000d5580000,0x00000000f7900000)
  from space 69120K, 99% used [0x00000000f7900000,0x00000000fbc7b4c0,0x00000000fbc80000)
  to   space 69120K, 0% used [0x00000000fbc80000,0x00000000fbc80000,0x0000000100000000)
 ParOldGen       total 177664K, used 161629K [0x0000000080000000, 0x000000008ad80000, 0x00000000d5580000)
  object space 177664K, 90% used [0x0000000080000000,0x0000000089dd7548,0x000000008ad80000)
 Metaspace       used 139142K, capacity 146517K, committed 146808K, reserved 1177600K
  class space    used 18156K, capacity 19574K, committed 19644K, reserved 1048576K
}
Event: 727.831 GC heap before
{Heap before GC invocations=28 (full 5):
 PSYoungGen      total 629760K, used 69101K [0x00000000d5580000, 0x0000000100000000, 0x0000000100000000)
  eden space 560640K, 0% used [0x00000000d5580000,0x00000000d5580000,0x00000000f7900000)
  from space 69120K, 99% used [0x00000000f7900000,0x00000000fbc7b4c0,0x00000000fbc80000)
  to   space 69120K, 0% used [0x00000000fbc80000,0x00000000fbc80000,0x0000000100000000)
 ParOldGen       total 177664K, used 161629K [0x0000000080000000, 0x000000008ad80000, 0x00000000d5580000)
  object space 177664K, 90% used [0x0000000080000000,0x0000000089dd7548,0x000000008ad80000)
 Metaspace       used 139142K, capacity 146517K, committed 146808K, reserved 1177600K
  class space    used 18156K, capacity 19574K, committed 19644K, reserved 1048576K
Event: 728.149 GC heap after
Heap after GC invocations=28 (full 5):
 PSYoungGen      total 629760K, used 0K [0x00000000d5580000, 0x0000000100000000, 0x0000000100000000)
  eden space 560640K, 0% used [0x00000000d5580000,0x00000000d5580000,0x00000000f7900000)
  from space 69120K, 0% used [0x00000000f7900000,0x00000000f7900000,0x00000000fbc80000)
  to   space 69120K, 0% used [0x00000000fbc80000,0x00000000fbc80000,0x0000000100000000)
 ParOldGen       total 249856K, used 139122K [0x0000000080000000, 0x000000008f400000, 0x00000000d5580000)
  object space 249856K, 55% used [0x0000000080000000,0x00000000887dcb48,0x000000008f400000)
 Metaspace       used 138296K, capacity 144871K, committed 146808K, reserved 1177600K
  class space    used 17917K, capacity 19143K, committed 19644K, reserved 1048576K
}
Event: 738.282 GC heap before
{Heap before GC invocations=29 (full 5):
 PSYoungGen      total 629760K, used 560640K [0x00000000d5580000, 0x0000000100000000, 0x0000000100000000)
  eden space 560640K, 100% used [0x00000000d5580000,0x00000000f7900000,0x00000000f7900000)
  from space 69120K, 0% used [0x00000000f7900000,0x00000000f7900000,0x00000000fbc80000)
  to   space 69120K, 0% used [0x00000000fbc80000,0x00000000fbc80000,0x0000000100000000)
 ParOldGen       total 249856K, used 139122K [0x0000000080000000, 0x000000008f400000, 0x00000000d5580000)
  object space 249856K, 55% used [0x0000000080000000,0x00000000887dcb48,0x000000008f400000)
 Metaspace       used 167025K, capacity 174157K, committed 175096K, reserved 1202176K
  class space    used 21206K, capacity 22558K, committed 22844K, reserved 1048576K
Event: 738.367 GC heap after
Heap after GC invocations=29 (full 5):
 PSYoungGen      total 559104K, used 69113K [0x00000000d5580000, 0x0000000100000000, 0x0000000100000000)
  eden space 489984K, 0% used [0x00000000d5580000,0x00000000d5580000,0x00000000f3400000)
  from space 69120K, 99% used [0x00000000fbc80000,0x00000000ffffe4d8,0x0000000100000000)
  to   space 104448K, 0% used [0x00000000f3400000,0x00000000f3400000,0x00000000f9a00000)
 ParOldGen       total 249856K, used 166619K [0x0000000080000000, 0x000000008f400000, 0x00000000d5580000)
  object space 249856K, 66% used [0x0000000080000000,0x000000008a2b6ef0,0x000000008f400000)
 Metaspace       used 167025K, capacity 174157K, committed 175096K, reserved 1202176K
  class space    used 21206K, capacity 22558K, committed 22844K, reserved 1048576K
}

