# JRE version: OpenJDK Runtime Environment (8.0_242-b01) (build 1.8.0_242-release-1644-b01)
# Java VM: OpenJDK 64-Bit Server VM (25.242-b01 mixed mode windows-amd64 compressed oops)
Heap:
 PSYoungGen      total 347136K, used 155343K [0x00000000d5580000, 0x00000000f1f80000, 0x0000000100000000)
  eden space 273408K, 39% used [0x00000000d5580000,0x00000000dbf6d620,0x00000000e6080000)
  from space 73728K, 63% used [0x00000000e6080000,0x00000000e8e46790,0x00000000ea880000)
  to   space 76288K, 0% used [0x00000000ed500000,0x00000000ed500000,0x00000000f1f80000)
 ParOldGen       total 299008K, used 188111K [0x0000000080000000, 0x0000000092400000, 0x00000000d5580000)
  object space 299008K, 62% used [0x0000000080000000,0x000000008b7b3c50,0x0000000092400000)
 Metaspace       used 93233K, capacity 97896K, committed 98176K, reserved 1134592K
  class space    used 12440K, capacity 13319K, committed 13440K, reserved 1048576K
GC Heap History (10 events):
Event: 35.081 GC heap before
{Heap before GC invocations=21 (full 3):
 PSYoungGen      total 261120K, used 261091K [0x00000000d5580000, 0x00000000e9c80000, 0x0000000100000000)
  eden space 231936K, 100% used [0x00000000d5580000,0x00000000e3800000,0x00000000e3800000)
  from space 29184K, 99% used [0x00000000e3800000,0x00000000e5478e70,0x00000000e5480000)
  to   space 37376K, 0% used [0x00000000e7800000,0x00000000e7800000,0x00000000e9c80000)
 ParOldGen       total 139776K, used 80004K [0x0000000080000000, 0x0000000088880000, 0x00000000d5580000)
  object space 139776K, 57% used [0x0000000080000000,0x0000000084e21138,0x0000000088880000)
 Metaspace       used 87776K, capacity 92666K, committed 92928K, reserved 1128448K
  class space    used 12115K, capacity 13022K, committed 13056K, reserved 1048576K
Event: 35.180 GC heap after
Heap after GC invocations=21 (full 3):
 PSYoungGen      total 270848K, used 37374K [0x00000000d5580000, 0x00000000ede00000, 0x0000000100000000)
  eden space 233472K, 0% used [0x00000000d5580000,0x00000000d5580000,0x00000000e3980000)
  from space 37376K, 99% used [0x00000000e7800000,0x00000000e9c7fb10,0x00000000e9c80000)
  to   space 64000K, 0% used [0x00000000e3980000,0x00000000e3980000,0x00000000e7800000)
 ParOldGen       total 139776K, used 135671K [0x0000000080000000, 0x0000000088880000, 0x00000000d5580000)
  object space 139776K, 97% used [0x0000000080000000,0x000000008847dea0,0x0000000088880000)
 Metaspace       used 87776K, capacity 92666K, committed 92928K, reserved 1128448K
  class space    used 12115K, capacity 13022K, committed 13056K, reserved 1048576K
}
Event: 35.180 GC heap before
{Heap before GC invocations=22 (full 4):
 PSYoungGen      total 270848K, used 37374K [0x00000000d5580000, 0x00000000ede00000, 0x0000000100000000)
  eden space 233472K, 0% used [0x00000000d5580000,0x00000000d5580000,0x00000000e3980000)
  from space 37376K, 99% used [0x00000000e7800000,0x00000000e9c7fb10,0x00000000e9c80000)
  to   space 64000K, 0% used [0x00000000e3980000,0x00000000e3980000,0x00000000e7800000)
 ParOldGen       total 139776K, used 135671K [0x0000000080000000, 0x0000000088880000, 0x00000000d5580000)
  object space 139776K, 97% used [0x0000000080000000,0x000000008847dea0,0x0000000088880000)
 Metaspace       used 87776K, capacity 92666K, committed 92928K, reserved 1128448K
  class space    used 12115K, capacity 13022K, committed 13056K, reserved 1048576K
Event: 35.560 GC heap after
Heap after GC invocations=22 (full 4):
 PSYoungGen      total 270848K, used 0K [0x00000000d5580000, 0x00000000ede00000, 0x0000000100000000)
  eden space 233472K, 0% used [0x00000000d5580000,0x00000000d5580000,0x00000000e3980000)
  from space 37376K, 0% used [0x00000000e7800000,0x00000000e7800000,0x00000000e9c80000)
  to   space 64000K, 0% used [0x00000000e3980000,0x00000000e3980000,0x00000000e7800000)
 ParOldGen       total 299008K, used 138691K [0x0000000080000000, 0x0000000092400000, 0x00000000d5580000)
  object space 299008K, 46% used [0x0000000080000000,0x0000000088770ff8,0x0000000092400000)
 Metaspace       used 87496K, capacity 91862K, committed 92928K, reserved 1128448K
  class space    used 12023K, capacity 12858K, committed 13056K, reserved 1048576K
}
Event: 37.073 GC heap before
{Heap before GC invocations=23 (full 4):
 PSYoungGen      total 270848K, used 233472K [0x00000000d5580000, 0x00000000ede00000, 0x0000000100000000)
  eden space 233472K, 100% used [0x00000000d5580000,0x00000000e3980000,0x00000000e3980000)
  from space 37376K, 0% used [0x00000000e7800000,0x00000000e7800000,0x00000000e9c80000)
  to   space 64000K, 0% used [0x00000000e3980000,0x00000000e3980000,0x00000000e7800000)
 ParOldGen       total 299008K, used 138691K [0x0000000080000000, 0x0000000092400000, 0x00000000d5580000)
  object space 299008K, 46% used [0x0000000080000000,0x0000000088770ff8,0x0000000092400000)
 Metaspace       used 87861K, capacity 92208K, committed 93184K, reserved 1130496K
  class space    used 12032K, capacity 12869K, committed 13056K, reserved 1048576K
Event: 37.128 GC heap after
Heap after GC invocations=23 (full 4):
 PSYoungGen      total 297472K, used 63979K [0x00000000d5580000, 0x00000000efd00000, 0x0000000100000000)
  eden space 233472K, 0% used [0x00000000d5580000,0x00000000d5580000,0x00000000e3980000)
  from space 64000K, 99% used [0x00000000e3980000,0x00000000e77fadf8,0x00000000e7800000)
  to   space 76800K, 0% used [0x00000000eb200000,0x00000000eb200000,0x00000000efd00000)
 ParOldGen       total 299008K, used 145054K [0x0000000080000000, 0x0000000092400000, 0x00000000d5580000)
  object space 299008K, 48% used [0x0000000080000000,0x0000000088da7830,0x0000000092400000)
 Metaspace       used 87861K, capacity 92208K, committed 93184K, reserved 1130496K
  class space    used 12032K, capacity 12869K, committed 13056K, reserved 1048576K
}
Event: 109.750 GC heap before
{Heap before GC invocations=24 (full 4):
 PSYoungGen      total 297472K, used 297451K [0x00000000d5580000, 0x00000000efd00000, 0x0000000100000000)
  eden space 233472K, 100% used [0x00000000d5580000,0x00000000e3980000,0x00000000e3980000)
  from space 64000K, 99% used [0x00000000e3980000,0x00000000e77fadf8,0x00000000e7800000)
  to   space 76800K, 0% used [0x00000000eb200000,0x00000000eb200000,0x00000000efd00000)
 ParOldGen       total 299008K, used 145054K [0x0000000080000000, 0x0000000092400000, 0x00000000d5580000)
  object space 299008K, 48% used [0x0000000080000000,0x0000000088da7830,0x0000000092400000)
 Metaspace       used 92770K, capacity 97390K, committed 97920K, reserved 1134592K
  class space    used 12432K, capacity 13278K, committed 13440K, reserved 1048576K
Event: 109.798 GC heap after
Heap after GC invocations=24 (full 4):
 PSYoungGen      total 337408K, used 18786K [0x00000000d5580000, 0x00000000ef080000, 0x0000000100000000)
  eden space 273408K, 0% used [0x00000000d5580000,0x00000000d5580000,0x00000000e6080000)
  from space 64000K, 29% used [0x00000000eb200000,0x00000000ec4588d8,0x00000000ef080000)
  to   space 73728K, 0% used [0x00000000e6080000,0x00000000e6080000,0x00000000ea880000)
 ParOldGen       total 299008K, used 188103K [0x0000000080000000, 0x0000000092400000, 0x00000000d5580000)
  object space 299008K, 62% used [0x0000000080000000,0x000000008b7b1c50,0x0000000092400000)
 Metaspace       used 92770K, capacity 97390K, committed 97920K, reserved 1134592K
  class space    used 12432K, capacity 13278K, committed 13440K, reserved 1048576K
}
Event: 113.576 GC heap before
{Heap before GC invocations=25 (full 4):
 PSYoungGen      total 337408K, used 292194K [0x00000000d5580000, 0x00000000ef080000, 0x0000000100000000)
  eden space 273408K, 100% used [0x00000000d5580000,0x00000000e6080000,0x00000000e6080000)
  from space 64000K, 29% used [0x00000000eb200000,0x00000000ec4588d8,0x00000000ef080000)
  to   space 73728K, 0% used [0x00000000e6080000,0x00000000e6080000,0x00000000ea880000)
 ParOldGen       total 299008K, used 188103K [0x0000000080000000, 0x0000000092400000, 0x00000000d5580000)
  object space 299008K, 62% used [0x0000000080000000,0x000000008b7b1c50,0x0000000092400000)
 Metaspace       used 93222K, capacity 97832K, committed 98176K, reserved 1134592K
  class space    used 12440K, capacity 13319K, committed 13440K, reserved 1048576K
Event: 113.607 GC heap after
Heap after GC invocations=25 (full 4):
 PSYoungGen      total 347136K, used 46873K [0x00000000d5580000, 0x00000000f1f80000, 0x0000000100000000)
  eden space 273408K, 0% used [0x00000000d5580000,0x00000000d5580000,0x00000000e6080000)
  from space 73728K, 63% used [0x00000000e6080000,0x00000000e8e46790,0x00000000ea880000)
  to   space 76288K, 0% used [0x00000000ed500000,0x00000000ed500000,0x00000000f1f80000)
 ParOldGen       total 299008K, used 188111K [0x0000000080000000, 0x0000000092400000, 0x00000000d5580000)
  object space 299008K, 62% used [0x0000000080000000,0x000000008b7b3c50,0x0000000092400000)
 Metaspace       used 93222K, capacity 97832K, committed 98176K, reserved 1134592K
  class space    used 12440K, capacity 13319K, committed 13440K, reserved 1048576K
}

