# JRE version: OpenJDK Runtime Environment (8.0_242-b01) (build 1.8.0_242-release-1644-b01)
# Java VM: OpenJDK 64-Bit Server VM (25.242-b01 mixed mode windows-amd64 compressed oops)
Heap:
 PSYoungGen      total 150528K, used 147539K [0x00000000d5d00000, 0x00000000e0180000, 0x0000000100000000)
  eden space 132608K, 97% used [0x00000000d5d00000,0x00000000ddb96dd8,0x00000000dde80000)
  from space 17920K, 99% used [0x00000000df000000,0x00000000e017df90,0x00000000e0180000)
  to   space 5120K, 0% used [0x00000000ddf00000,0x00000000ddf00000,0x00000000de400000)
 ParOldGen       total 123392K, used 35423K [0x0000000081600000, 0x0000000088e80000, 0x00000000d5d00000)
  object space 123392K, 28% used [0x0000000081600000,0x0000000083897d90,0x0000000088e80000)
 Metaspace       used 57263K, capacity 58283K, committed 58624K, reserved 1101824K
  class space    used 6635K, capacity 6887K, committed 6912K, reserved 1048576K
GC Heap History (10 events):
Event: 1.282 GC heap before
{Heap before GC invocations=4 (full 1):
 PSYoungGen      total 71680K, used 5091K [0x00000000d5d00000, 0x00000000de900000, 0x0000000100000000)
  eden space 66560K, 0% used [0x00000000d5d00000,0x00000000d5d00000,0x00000000d9e00000)
  from space 5120K, 99% used [0x00000000d9e00000,0x00000000da2f8e80,0x00000000da300000)
  to   space 5120K, 0% used [0x00000000de400000,0x00000000de400000,0x00000000de900000)
 ParOldGen       total 87552K, used 17928K [0x0000000081600000, 0x0000000086b80000, 0x00000000d5d00000)
  object space 87552K, 20% used [0x0000000081600000,0x00000000827822b0,0x0000000086b80000)
 Metaspace       used 20637K, capacity 21110K, committed 21248K, reserved 1069056K
  class space    used 2360K, capacity 2509K, committed 2560K, reserved 1048576K
Event: 1.321 GC heap after
Heap after GC invocations=4 (full 1):
 PSYoungGen      total 71680K, used 0K [0x00000000d5d00000, 0x00000000de900000, 0x0000000100000000)
  eden space 66560K, 0% used [0x00000000d5d00000,0x00000000d5d00000,0x00000000d9e00000)
  from space 5120K, 0% used [0x00000000d9e00000,0x00000000d9e00000,0x00000000da300000)
  to   space 5120K, 0% used [0x00000000de400000,0x00000000de400000,0x00000000de900000)
 ParOldGen       total 79360K, used 15017K [0x0000000081600000, 0x0000000086380000, 0x00000000d5d00000)
  object space 79360K, 18% used [0x0000000081600000,0x00000000824aa5a0,0x0000000086380000)
 Metaspace       used 20637K, capacity 21110K, committed 21248K, reserved 1069056K
  class space    used 2360K, capacity 2509K, committed 2560K, reserved 1048576K
}
Event: 2.409 GC heap before
{Heap before GC invocations=5 (full 1):
 PSYoungGen      total 71680K, used 66560K [0x00000000d5d00000, 0x00000000de900000, 0x0000000100000000)
  eden space 66560K, 100% used [0x00000000d5d00000,0x00000000d9e00000,0x00000000d9e00000)
  from space 5120K, 0% used [0x00000000d9e00000,0x00000000d9e00000,0x00000000da300000)
  to   space 5120K, 0% used [0x00000000de400000,0x00000000de400000,0x00000000de900000)
 ParOldGen       total 79360K, used 15017K [0x0000000081600000, 0x0000000086380000, 0x00000000d5d00000)
  object space 79360K, 18% used [0x0000000081600000,0x00000000824aa5a0,0x0000000086380000)
 Metaspace       used 29840K, capacity 30396K, committed 30592K, reserved 1075200K
  class space    used 3777K, capacity 3932K, committed 3968K, reserved 1048576K
Event: 2.422 GC heap after
Heap after GC invocations=5 (full 1):
 PSYoungGen      total 98304K, used 5111K [0x00000000d5d00000, 0x00000000de900000, 0x0000000100000000)
  eden space 93184K, 0% used [0x00000000d5d00000,0x00000000d5d00000,0x00000000db800000)
  from space 5120K, 99% used [0x00000000de400000,0x00000000de8fdc80,0x00000000de900000)
  to   space 5120K, 0% used [0x00000000ddf00000,0x00000000ddf00000,0x00000000de400000)
 ParOldGen       total 79360K, used 25323K [0x0000000081600000, 0x0000000086380000, 0x00000000d5d00000)
  object space 79360K, 31% used [0x0000000081600000,0x0000000082ebafd8,0x0000000086380000)
 Metaspace       used 29840K, capacity 30396K, committed 30592K, reserved 1075200K
  class space    used 3777K, capacity 3932K, committed 3968K, reserved 1048576K
}
Event: 2.763 GC heap before
{Heap before GC invocations=6 (full 1):
 PSYoungGen      total 98304K, used 34841K [0x00000000d5d00000, 0x00000000de900000, 0x0000000100000000)
  eden space 93184K, 31% used [0x00000000d5d00000,0x00000000d7a08ad0,0x00000000db800000)
  from space 5120K, 99% used [0x00000000de400000,0x00000000de8fdc80,0x00000000de900000)
  to   space 5120K, 0% used [0x00000000ddf00000,0x00000000ddf00000,0x00000000de400000)
 ParOldGen       total 79360K, used 25323K [0x0000000081600000, 0x0000000086380000, 0x00000000d5d00000)
  object space 79360K, 31% used [0x0000000081600000,0x0000000082ebafd8,0x0000000086380000)
 Metaspace       used 34569K, capacity 35135K, committed 35416K, reserved 1081344K
  class space    used 4373K, capacity 4544K, committed 4608K, reserved 1048576K
Event: 2.773 GC heap after
Heap after GC invocations=6 (full 1):
 PSYoungGen      total 137728K, used 5111K [0x00000000d5d00000, 0x00000000e0180000, 0x0000000100000000)
  eden space 132608K, 0% used [0x00000000d5d00000,0x00000000d5d00000,0x00000000dde80000)
  from space 5120K, 99% used [0x00000000ddf00000,0x00000000de3fdc80,0x00000000de400000)
  to   space 17920K, 0% used [0x00000000df000000,0x00000000df000000,0x00000000e0180000)
 ParOldGen       total 79360K, used 32785K [0x0000000081600000, 0x0000000086380000, 0x00000000d5d00000)
  object space 79360K, 41% used [0x0000000081600000,0x00000000836047c0,0x0000000086380000)
 Metaspace       used 34569K, capacity 35135K, committed 35416K, reserved 1081344K
  class space    used 4373K, capacity 4544K, committed 4608K, reserved 1048576K
}
Event: 2.773 GC heap before
{Heap before GC invocations=7 (full 2):
 PSYoungGen      total 137728K, used 5111K [0x00000000d5d00000, 0x00000000e0180000, 0x0000000100000000)
  eden space 132608K, 0% used [0x00000000d5d00000,0x00000000d5d00000,0x00000000dde80000)
  from space 5120K, 99% used [0x00000000ddf00000,0x00000000de3fdc80,0x00000000de400000)
  to   space 17920K, 0% used [0x00000000df000000,0x00000000df000000,0x00000000e0180000)
 ParOldGen       total 79360K, used 32785K [0x0000000081600000, 0x0000000086380000, 0x00000000d5d00000)
  object space 79360K, 41% used [0x0000000081600000,0x00000000836047c0,0x0000000086380000)
 Metaspace       used 34569K, capacity 35135K, committed 35416K, reserved 1081344K
  class space    used 4373K, capacity 4544K, committed 4608K, reserved 1048576K
Event: 2.821 GC heap after
Heap after GC invocations=7 (full 2):
 PSYoungGen      total 137728K, used 0K [0x00000000d5d00000, 0x00000000e0180000, 0x0000000100000000)
  eden space 132608K, 0% used [0x00000000d5d00000,0x00000000d5d00000,0x00000000dde80000)
  from space 5120K, 0% used [0x00000000ddf00000,0x00000000ddf00000,0x00000000de400000)
  to   space 17920K, 0% used [0x00000000df000000,0x00000000df000000,0x00000000e0180000)
 ParOldGen       total 123392K, used 26594K [0x0000000081600000, 0x0000000088e80000, 0x00000000d5d00000)
  object space 123392K, 21% used [0x0000000081600000,0x0000000082ff8a10,0x0000000088e80000)
 Metaspace       used 34569K, capacity 35135K, committed 35416K, reserved 1081344K
  class space    used 4373K, capacity 4544K, committed 4608K, reserved 1048576K
}
Event: 4.607 GC heap before
{Heap before GC invocations=8 (full 2):
 PSYoungGen      total 137728K, used 132608K [0x00000000d5d00000, 0x00000000e0180000, 0x0000000100000000)
  eden space 132608K, 100% used [0x00000000d5d00000,0x00000000dde80000,0x00000000dde80000)
  from space 5120K, 0% used [0x00000000ddf00000,0x00000000ddf00000,0x00000000de400000)
  to   space 17920K, 0% used [0x00000000df000000,0x00000000df000000,0x00000000e0180000)
 ParOldGen       total 123392K, used 26594K [0x0000000081600000, 0x0000000088e80000, 0x00000000d5d00000)
  object space 123392K, 21% used [0x0000000081600000,0x0000000082ff8a10,0x0000000088e80000)
 Metaspace       used 45250K, capacity 46021K, committed 46464K, reserved 1089536K
  class space    used 5488K, capacity 5676K, committed 5760K, reserved 1048576K
Event: 4.626 GC heap after
Heap after GC invocations=8 (full 2):
 PSYoungGen      total 150528K, used 17911K [0x00000000d5d00000, 0x00000000e0180000, 0x0000000100000000)
  eden space 132608K, 0% used [0x00000000d5d00000,0x00000000d5d00000,0x00000000dde80000)
  from space 17920K, 99% used [0x00000000df000000,0x00000000e017df90,0x00000000e0180000)
  to   space 5120K, 0% used [0x00000000ddf00000,0x00000000ddf00000,0x00000000de400000)
 ParOldGen       total 123392K, used 35423K [0x0000000081600000, 0x0000000088e80000, 0x00000000d5d00000)
  object space 123392K, 28% used [0x0000000081600000,0x0000000083897d90,0x0000000088e80000)
 Metaspace       used 45250K, capacity 46021K, committed 46464K, reserved 1089536K
  class space    used 5488K, capacity 5676K, committed 5760K, reserved 1048576K
}

