# JRE version: OpenJDK Runtime Environment (8.0_242-b01) (build 1.8.0_242-release-1644-b01)
# Java VM: OpenJDK 64-Bit Server VM (25.242-b01 mixed mode windows-amd64 compressed oops)
Heap:
 PSYoungGen      total 406016K, used 326849K [0x00000000d5580000, 0x00000000f0400000, 0x0000000100000000)
  eden space 385024K, 79% used [0x00000000d5580000,0x00000000e807b438,0x00000000ecd80000)
  from space 20992K, 98% used [0x00000000eef80000,0x00000000f03b5378,0x00000000f0400000)
  to   space 27648K, 0% used [0x00000000ece00000,0x00000000ece00000,0x00000000ee900000)
 ParOldGen       total 93184K, used 56217K [0x0000000080000000, 0x0000000085b00000, 0x00000000d5580000)
  object space 93184K, 60% used [0x0000000080000000,0x00000000836e6488,0x0000000085b00000)
 Metaspace       used 78982K, capacity 82802K, committed 83032K, reserved 1122304K
  class space    used 10909K, capacity 11632K, committed 11648K, reserved 1048576K
GC Heap History (10 events):
Event: 8.623 GC heap before
{Heap before GC invocations=13 (full 2):
 PSYoungGen      total 203776K, used 203749K [0x00000000d5580000, 0x00000000e3300000, 0x0000000100000000)
  eden space 194560K, 100% used [0x00000000d5580000,0x00000000e1380000,0x00000000e1380000)
  from space 9216K, 99% used [0x00000000e2a00000,0x00000000e32f97c8,0x00000000e3300000)
  to   space 12800K, 0% used [0x00000000e1a00000,0x00000000e1a00000,0x00000000e2680000)
 ParOldGen       total 61952K, used 18372K [0x0000000080000000, 0x0000000083c80000, 0x00000000d5580000)
  object space 61952K, 29% used [0x0000000080000000,0x00000000811f12e8,0x0000000083c80000)
 Metaspace       used 54329K, capacity 56448K, committed 56664K, reserved 1097728K
  class space    used 7217K, capacity 7684K, committed 7808K, reserved 1048576K
Event: 8.649 GC heap after
Heap after GC invocations=13 (full 2):
 PSYoungGen      total 214016K, used 12792K [0x00000000d5580000, 0x00000000e9480000, 0x0000000100000000)
  eden space 201216K, 0% used [0x00000000d5580000,0x00000000d5580000,0x00000000e1a00000)
  from space 12800K, 99% used [0x00000000e1a00000,0x00000000e267e060,0x00000000e2680000)
  to   space 20480K, 0% used [0x00000000e8080000,0x00000000e8080000,0x00000000e9480000)
 ParOldGen       total 61952K, used 35373K [0x0000000080000000, 0x0000000083c80000, 0x00000000d5580000)
  object space 61952K, 57% used [0x0000000080000000,0x000000008228b4d8,0x0000000083c80000)
 Metaspace       used 54329K, capacity 56448K, committed 56664K, reserved 1097728K
  class space    used 7217K, capacity 7684K, committed 7808K, reserved 1048576K
}
Event: 8.915 GC heap before
{Heap before GC invocations=14 (full 2):
 PSYoungGen      total 214016K, used 37503K [0x00000000d5580000, 0x00000000e9480000, 0x0000000100000000)
  eden space 201216K, 12% used [0x00000000d5580000,0x00000000d6da1e10,0x00000000e1a00000)
  from space 12800K, 99% used [0x00000000e1a00000,0x00000000e267e060,0x00000000e2680000)
  to   space 20480K, 0% used [0x00000000e8080000,0x00000000e8080000,0x00000000e9480000)
 ParOldGen       total 61952K, used 35373K [0x0000000080000000, 0x0000000083c80000, 0x00000000d5580000)
  object space 61952K, 57% used [0x0000000080000000,0x000000008228b4d8,0x0000000083c80000)
 Metaspace       used 56647K, capacity 58960K, committed 59028K, reserved 1099776K
  class space    used 7664K, capacity 8141K, committed 8192K, reserved 1048576K
Event: 8.927 GC heap after
Heap after GC invocations=14 (full 2):
 PSYoungGen      total 306176K, used 3044K [0x00000000d5580000, 0x00000000e9b80000, 0x0000000100000000)
  eden space 285696K, 0% used [0x00000000d5580000,0x00000000d5580000,0x00000000e6c80000)
  from space 20480K, 14% used [0x00000000e8080000,0x00000000e8379008,0x00000000e9480000)
  to   space 20480K, 0% used [0x00000000e6c80000,0x00000000e6c80000,0x00000000e8080000)
 ParOldGen       total 61952K, used 47304K [0x0000000080000000, 0x0000000083c80000, 0x00000000d5580000)
  object space 61952K, 76% used [0x0000000080000000,0x0000000082e32280,0x0000000083c80000)
 Metaspace       used 56647K, capacity 58960K, committed 59028K, reserved 1099776K
  class space    used 7664K, capacity 8141K, committed 8192K, reserved 1048576K
}
Event: 8.927 GC heap before
{Heap before GC invocations=15 (full 3):
 PSYoungGen      total 306176K, used 3044K [0x00000000d5580000, 0x00000000e9b80000, 0x0000000100000000)
  eden space 285696K, 0% used [0x00000000d5580000,0x00000000d5580000,0x00000000e6c80000)
  from space 20480K, 14% used [0x00000000e8080000,0x00000000e8379008,0x00000000e9480000)
  to   space 20480K, 0% used [0x00000000e6c80000,0x00000000e6c80000,0x00000000e8080000)
 ParOldGen       total 61952K, used 47304K [0x0000000080000000, 0x0000000083c80000, 0x00000000d5580000)
  object space 61952K, 76% used [0x0000000080000000,0x0000000082e32280,0x0000000083c80000)
 Metaspace       used 56647K, capacity 58960K, committed 59028K, reserved 1099776K
  class space    used 7664K, capacity 8141K, committed 8192K, reserved 1048576K
Event: 9.105 GC heap after
Heap after GC invocations=15 (full 3):
 PSYoungGen      total 306176K, used 0K [0x00000000d5580000, 0x00000000e9b80000, 0x0000000100000000)
  eden space 285696K, 0% used [0x00000000d5580000,0x00000000d5580000,0x00000000e6c80000)
  from space 20480K, 0% used [0x00000000e8080000,0x00000000e8080000,0x00000000e9480000)
  to   space 20480K, 0% used [0x00000000e6c80000,0x00000000e6c80000,0x00000000e8080000)
 ParOldGen       total 93184K, used 33627K [0x0000000080000000, 0x0000000085b00000, 0x00000000d5580000)
  object space 93184K, 36% used [0x0000000080000000,0x00000000820d6e40,0x0000000085b00000)
 Metaspace       used 56603K, capacity 58810K, committed 59028K, reserved 1099776K
  class space    used 7650K, capacity 8116K, committed 8192K, reserved 1048576K
}
Event: 12.298 GC heap before
{Heap before GC invocations=16 (full 3):
 PSYoungGen      total 306176K, used 285696K [0x00000000d5580000, 0x00000000e9b80000, 0x0000000100000000)
  eden space 285696K, 100% used [0x00000000d5580000,0x00000000e6c80000,0x00000000e6c80000)
  from space 20480K, 0% used [0x00000000e8080000,0x00000000e8080000,0x00000000e9480000)
  to   space 20480K, 0% used [0x00000000e6c80000,0x00000000e6c80000,0x00000000e8080000)
 ParOldGen       total 93184K, used 33627K [0x0000000080000000, 0x0000000085b00000, 0x00000000d5580000)
  object space 93184K, 36% used [0x0000000080000000,0x00000000820d6e40,0x0000000085b00000)
 Metaspace       used 66854K, capacity 70092K, committed 70232K, reserved 1110016K
  class space    used 9173K, capacity 9827K, committed 9856K, reserved 1048576K
Event: 12.326 GC heap after
Heap after GC invocations=16 (full 3):
 PSYoungGen      total 306176K, used 20455K [0x00000000d5580000, 0x00000000f0880000, 0x0000000100000000)
  eden space 285696K, 0% used [0x00000000d5580000,0x00000000d5580000,0x00000000e6c80000)
  from space 20480K, 99% used [0x00000000e6c80000,0x00000000e8079ec8,0x00000000e8080000)
  to   space 25600K, 0% used [0x00000000eef80000,0x00000000eef80000,0x00000000f0880000)
 ParOldGen       total 93184K, used 38430K [0x0000000080000000, 0x0000000085b00000, 0x00000000d5580000)
  object space 93184K, 41% used [0x0000000080000000,0x0000000082587818,0x0000000085b00000)
 Metaspace       used 66854K, capacity 70092K, committed 70232K, reserved 1110016K
  class space    used 9173K, capacity 9827K, committed 9856K, reserved 1048576K
}
Event: 14.816 GC heap before
{Heap before GC invocations=17 (full 3):
 PSYoungGen      total 306176K, used 306151K [0x00000000d5580000, 0x00000000f0880000, 0x0000000100000000)
  eden space 285696K, 100% used [0x00000000d5580000,0x00000000e6c80000,0x00000000e6c80000)
  from space 20480K, 99% used [0x00000000e6c80000,0x00000000e8079ec8,0x00000000e8080000)
  to   space 25600K, 0% used [0x00000000eef80000,0x00000000eef80000,0x00000000f0880000)
 ParOldGen       total 93184K, used 38430K [0x0000000080000000, 0x0000000085b00000, 0x00000000d5580000)
  object space 93184K, 41% used [0x0000000080000000,0x0000000082587818,0x0000000085b00000)
 Metaspace       used 73596K, capacity 77094K, committed 77272K, reserved 1116160K
  class space    used 10059K, capacity 10722K, committed 10752K, reserved 1048576K
Event: 14.848 GC heap after
Heap after GC invocations=17 (full 3):
 PSYoungGen      total 406016K, used 20692K [0x00000000d5580000, 0x00000000f0400000, 0x0000000100000000)
  eden space 385024K, 0% used [0x00000000d5580000,0x00000000d5580000,0x00000000ecd80000)
  from space 20992K, 98% used [0x00000000eef80000,0x00000000f03b5378,0x00000000f0400000)
  to   space 27648K, 0% used [0x00000000ece00000,0x00000000ece00000,0x00000000ee900000)
 ParOldGen       total 93184K, used 56217K [0x0000000080000000, 0x0000000085b00000, 0x00000000d5580000)
  object space 93184K, 60% used [0x0000000080000000,0x00000000836e6488,0x0000000085b00000)
 Metaspace       used 73596K, capacity 77094K, committed 77272K, reserved 1116160K
  class space    used 10059K, capacity 10722K, committed 10752K, reserved 1048576K
}

