# JRE version: OpenJDK Runtime Environment (8.0_242-b01) (build 1.8.0_242-release-1644-b01)
# Java VM: OpenJDK 64-Bit Server VM (25.242-b01 mixed mode windows-amd64 compressed oops)
Heap:
 PSYoungGen      total 238592K, used 78180K [0x00000000d5580000, 0x00000000eb480000, 0x0000000100000000)
  eden space 198656K, 19% used [0x00000000d5580000,0x00000000d7aded28,0x00000000e1780000)
  from space 39936K, 99% used [0x00000000e4e80000,0x00000000e757a6d0,0x00000000e7580000)
  to   space 56320K, 0% used [0x00000000e1780000,0x00000000e1780000,0x00000000e4e80000)
 ParOldGen       total 148992K, used 104191K [0x0000000080000000, 0x0000000089180000, 0x00000000d5580000)
  object space 148992K, 69% used [0x0000000080000000,0x00000000865bfc00,0x0000000089180000)
 Metaspace       used 99515K, capacity 105266K, committed 105560K, reserved 1140736K
  class space    used 13555K, capacity 14652K, committed 14720K, reserved 1048576K
GC Heap History (10 events):
Event: 71.182 GC heap before
{Heap before GC invocations=20 (full 3):
 PSYoungGen      total 231936K, used 224282K [0x00000000d5580000, 0x00000000e5d00000, 0x0000000100000000)
  eden space 201216K, 100% used [0x00000000d5580000,0x00000000e1a00000,0x00000000e1a00000)
  from space 30720K, 75% used [0x00000000e3f00000,0x00000000e5586970,0x00000000e5d00000)
  to   space 34304K, 0% used [0x00000000e1a00000,0x00000000e1a00000,0x00000000e3b80000)
 ParOldGen       total 148992K, used 65299K [0x0000000080000000, 0x0000000089180000, 0x00000000d5580000)
  object space 148992K, 43% used [0x0000000080000000,0x0000000083fc4c60,0x0000000089180000)
 Metaspace       used 91725K, capacity 97014K, committed 97240K, reserved 1132544K
  class space    used 12431K, capacity 13443K, committed 13568K, reserved 1048576K
Event: 71.218 GC heap after
Heap after GC invocations=20 (full 3):
 PSYoungGen      total 235520K, used 34291K [0x00000000d5580000, 0x00000000e7580000, 0x0000000100000000)
  eden space 201216K, 0% used [0x00000000d5580000,0x00000000d5580000,0x00000000e1a00000)
  from space 34304K, 99% used [0x00000000e1a00000,0x00000000e3b7ccc0,0x00000000e3b80000)
  to   space 39936K, 0% used [0x00000000e4e80000,0x00000000e4e80000,0x00000000e7580000)
 ParOldGen       total 148992K, used 66423K [0x0000000080000000, 0x0000000089180000, 0x00000000d5580000)
  object space 148992K, 44% used [0x0000000080000000,0x00000000840ddcd0,0x0000000089180000)
 Metaspace       used 91725K, capacity 97014K, committed 97240K, reserved 1132544K
  class space    used 12431K, capacity 13443K, committed 13568K, reserved 1048576K
}
Event: 72.179 GC heap before
{Heap before GC invocations=21 (full 3):
 PSYoungGen      total 235520K, used 235507K [0x00000000d5580000, 0x00000000e7580000, 0x0000000100000000)
  eden space 201216K, 100% used [0x00000000d5580000,0x00000000e1a00000,0x00000000e1a00000)
  from space 34304K, 99% used [0x00000000e1a00000,0x00000000e3b7ccc0,0x00000000e3b80000)
  to   space 39936K, 0% used [0x00000000e4e80000,0x00000000e4e80000,0x00000000e7580000)
 ParOldGen       total 148992K, used 66423K [0x0000000080000000, 0x0000000089180000, 0x00000000d5580000)
  object space 148992K, 44% used [0x0000000080000000,0x00000000840ddcd0,0x0000000089180000)
 Metaspace       used 92257K, capacity 97704K, committed 98008K, reserved 1134592K
  class space    used 12480K, capacity 13516K, committed 13568K, reserved 1048576K
Event: 72.246 GC heap after
Heap after GC invocations=21 (full 3):
 PSYoungGen      total 250880K, used 34416K [0x00000000d5580000, 0x00000000e8b80000, 0x0000000100000000)
  eden space 210944K, 0% used [0x00000000d5580000,0x00000000d5580000,0x00000000e2380000)
  from space 39936K, 86% used [0x00000000e4e80000,0x00000000e701c2b8,0x00000000e7580000)
  to   space 44032K, 0% used [0x00000000e2380000,0x00000000e2380000,0x00000000e4e80000)
 ParOldGen       total 148992K, used 84017K [0x0000000080000000, 0x0000000089180000, 0x00000000d5580000)
  object space 148992K, 56% used [0x0000000080000000,0x000000008520c668,0x0000000089180000)
 Metaspace       used 92257K, capacity 97704K, committed 98008K, reserved 1134592K
  class space    used 12480K, capacity 13516K, committed 13568K, reserved 1048576K
}
Event: 73.048 GC heap before
{Heap before GC invocations=22 (full 3):
 PSYoungGen      total 250880K, used 155253K [0x00000000d5580000, 0x00000000e8b80000, 0x0000000100000000)
  eden space 210944K, 57% used [0x00000000d5580000,0x00000000dcb81260,0x00000000e2380000)
  from space 39936K, 86% used [0x00000000e4e80000,0x00000000e701c2b8,0x00000000e7580000)
  to   space 44032K, 0% used [0x00000000e2380000,0x00000000e2380000,0x00000000e4e80000)
 ParOldGen       total 148992K, used 84017K [0x0000000080000000, 0x0000000089180000, 0x00000000d5580000)
  object space 148992K, 56% used [0x0000000080000000,0x000000008520c668,0x0000000089180000)
 Metaspace       used 92658K, capacity 98230K, committed 98280K, reserved 1134592K
  class space    used 12548K, capacity 13646K, committed 13696K, reserved 1048576K
Event: 73.083 GC heap after
Heap after GC invocations=22 (full 3):
 PSYoungGen      total 254976K, used 37661K [0x00000000d5580000, 0x00000000e8b80000, 0x0000000100000000)
  eden space 210944K, 0% used [0x00000000d5580000,0x00000000d5580000,0x00000000e2380000)
  from space 44032K, 85% used [0x00000000e2380000,0x00000000e48474c0,0x00000000e4e80000)
  to   space 39936K, 0% used [0x00000000e4e80000,0x00000000e4e80000,0x00000000e7580000)
 ParOldGen       total 148992K, used 84025K [0x0000000080000000, 0x0000000089180000, 0x00000000d5580000)
  object space 148992K, 56% used [0x0000000080000000,0x000000008520e668,0x0000000089180000)
 Metaspace       used 92658K, capacity 98230K, committed 98280K, reserved 1134592K
  class space    used 12548K, capacity 13646K, committed 13696K, reserved 1048576K
}
Event: 73.083 GC heap before
{Heap before GC invocations=23 (full 4):
 PSYoungGen      total 254976K, used 37661K [0x00000000d5580000, 0x00000000e8b80000, 0x0000000100000000)
  eden space 210944K, 0% used [0x00000000d5580000,0x00000000d5580000,0x00000000e2380000)
  from space 44032K, 85% used [0x00000000e2380000,0x00000000e48474c0,0x00000000e4e80000)
  to   space 39936K, 0% used [0x00000000e4e80000,0x00000000e4e80000,0x00000000e7580000)
 ParOldGen       total 148992K, used 84025K [0x0000000080000000, 0x0000000089180000, 0x00000000d5580000)
  object space 148992K, 56% used [0x0000000080000000,0x000000008520e668,0x0000000089180000)
 Metaspace       used 92658K, capacity 98230K, committed 98280K, reserved 1134592K
  class space    used 12548K, capacity 13646K, committed 13696K, reserved 1048576K
Event: 73.443 GC heap after
Heap after GC invocations=23 (full 4):
 PSYoungGen      total 254976K, used 0K [0x00000000d5580000, 0x00000000e8b80000, 0x0000000100000000)
  eden space 210944K, 0% used [0x00000000d5580000,0x00000000d5580000,0x00000000e2380000)
  from space 44032K, 0% used [0x00000000e2380000,0x00000000e2380000,0x00000000e4e80000)
  to   space 39936K, 0% used [0x00000000e4e80000,0x00000000e4e80000,0x00000000e7580000)
 ParOldGen       total 148992K, used 94842K [0x0000000080000000, 0x0000000089180000, 0x00000000d5580000)
  object space 148992K, 63% used [0x0000000080000000,0x0000000085c9e830,0x0000000089180000)
 Metaspace       used 92312K, capacity 97194K, committed 98280K, reserved 1134592K
  class space    used 12433K, capacity 13442K, committed 13696K, reserved 1048576K
}
Event: 75.220 GC heap before
{Heap before GC invocations=24 (full 4):
 PSYoungGen      total 254976K, used 210944K [0x00000000d5580000, 0x00000000e8b80000, 0x0000000100000000)
  eden space 210944K, 100% used [0x00000000d5580000,0x00000000e2380000,0x00000000e2380000)
  from space 44032K, 0% used [0x00000000e2380000,0x00000000e2380000,0x00000000e4e80000)
  to   space 39936K, 0% used [0x00000000e4e80000,0x00000000e4e80000,0x00000000e7580000)
 ParOldGen       total 148992K, used 94842K [0x0000000080000000, 0x0000000089180000, 0x00000000d5580000)
  object space 148992K, 63% used [0x0000000080000000,0x0000000085c9e830,0x0000000089180000)
 Metaspace       used 98892K, capacity 104578K, committed 104664K, reserved 1138688K
  class space    used 13442K, capacity 14514K, committed 14592K, reserved 1048576K
Event: 75.255 GC heap after
Heap after GC invocations=24 (full 4):
 PSYoungGen      total 238592K, used 39913K [0x00000000d5580000, 0x00000000eb480000, 0x0000000100000000)
  eden space 198656K, 0% used [0x00000000d5580000,0x00000000d5580000,0x00000000e1780000)
  from space 39936K, 99% used [0x00000000e4e80000,0x00000000e757a6d0,0x00000000e7580000)
  to   space 56320K, 0% used [0x00000000e1780000,0x00000000e1780000,0x00000000e4e80000)
 ParOldGen       total 148992K, used 104191K [0x0000000080000000, 0x0000000089180000, 0x00000000d5580000)
  object space 148992K, 69% used [0x0000000080000000,0x00000000865bfc00,0x0000000089180000)
 Metaspace       used 98892K, capacity 104578K, committed 104664K, reserved 1138688K
  class space    used 13442K, capacity 14514K, committed 14592K, reserved 1048576K
}

