# JRE version: OpenJDK Runtime Environment (8.0_242-b01) (build 1.8.0_242-release-1644-b01)
# Java VM: OpenJDK 64-Bit Server VM (25.242-b01 mixed mode windows-amd64 compressed oops)
Heap:
 PSYoungGen      total 90624K, used 38419K [0x00000000d5d00000, 0x00000000de380000, 0x0000000100000000)
  eden space 70656K, 54% used [0x00000000d5d00000,0x00000000d8284ed0,0x00000000da200000)
  from space 19968K, 0% used [0x00000000db500000,0x00000000db500000,0x00000000dc880000)
  to   space 19456K, 0% used [0x00000000da200000,0x00000000da200000,0x00000000db500000)
 ParOldGen       total 118784K, used 23641K [0x0000000081600000, 0x0000000088a00000, 0x00000000d5d00000)
  object space 118784K, 19% used [0x0000000081600000,0x0000000082d16450,0x0000000088a00000)
 Metaspace       used 38911K, capacity 39613K, committed 39936K, reserved 1083392K
  class space    used 4885K, capacity 5056K, committed 5120K, reserved 1048576K
GC Heap History (10 events):
Event: 1.187 GC heap before
{Heap before GC invocations=4 (full 1):
 PSYoungGen      total 38400K, used 5098K [0x00000000d5d00000, 0x00000000da800000, 0x0000000100000000)
  eden space 33280K, 0% used [0x00000000d5d00000,0x00000000d5d00000,0x00000000d7d80000)
  from space 5120K, 99% used [0x00000000d7d80000,0x00000000d827a850,0x00000000d8280000)
  to   space 5120K, 0% used [0x00000000da300000,0x00000000da300000,0x00000000da800000)
 ParOldGen       total 87552K, used 17889K [0x0000000081600000, 0x0000000086b80000, 0x00000000d5d00000)
  object space 87552K, 20% used [0x0000000081600000,0x0000000082778740,0x0000000086b80000)
 Metaspace       used 20640K, capacity 21110K, committed 21248K, reserved 1069056K
  class space    used 2360K, capacity 2509K, committed 2560K, reserved 1048576K
Event: 1.218 GC heap after
Heap after GC invocations=4 (full 1):
 PSYoungGen      total 38400K, used 0K [0x00000000d5d00000, 0x00000000da800000, 0x0000000100000000)
  eden space 33280K, 0% used [0x00000000d5d00000,0x00000000d5d00000,0x00000000d7d80000)
  from space 5120K, 0% used [0x00000000d7d80000,0x00000000d7d80000,0x00000000d8280000)
  to   space 5120K, 0% used [0x00000000da300000,0x00000000da300000,0x00000000da800000)
 ParOldGen       total 77824K, used 15013K [0x0000000081600000, 0x0000000086200000, 0x00000000d5d00000)
  object space 77824K, 19% used [0x0000000081600000,0x00000000824a9520,0x0000000086200000)
 Metaspace       used 20640K, capacity 21110K, committed 21248K, reserved 1069056K
  class space    used 2360K, capacity 2509K, committed 2560K, reserved 1048576K
}
Event: 1.863 GC heap before
{Heap before GC invocations=5 (full 1):
 PSYoungGen      total 38400K, used 33280K [0x00000000d5d00000, 0x00000000da800000, 0x0000000100000000)
  eden space 33280K, 100% used [0x00000000d5d00000,0x00000000d7d80000,0x00000000d7d80000)
  from space 5120K, 0% used [0x00000000d7d80000,0x00000000d7d80000,0x00000000d8280000)
  to   space 5120K, 0% used [0x00000000da300000,0x00000000da300000,0x00000000da800000)
 ParOldGen       total 77824K, used 15013K [0x0000000081600000, 0x0000000086200000, 0x00000000d5d00000)
  object space 77824K, 19% used [0x0000000081600000,0x00000000824a9520,0x0000000086200000)
 Metaspace       used 24750K, capacity 25312K, committed 25472K, reserved 1071104K
  class space    used 3190K, capacity 3350K, committed 3456K, reserved 1048576K
Event: 1.874 GC heap after
Heap after GC invocations=5 (full 1):
 PSYoungGen      total 53248K, used 5118K [0x00000000d5d00000, 0x00000000da800000, 0x0000000100000000)
  eden space 48128K, 0% used [0x00000000d5d00000,0x00000000d5d00000,0x00000000d8c00000)
  from space 5120K, 99% used [0x00000000da300000,0x00000000da7ff918,0x00000000da800000)
  to   space 5120K, 0% used [0x00000000d9e00000,0x00000000d9e00000,0x00000000da300000)
 ParOldGen       total 77824K, used 17723K [0x0000000081600000, 0x0000000086200000, 0x00000000d5d00000)
  object space 77824K, 22% used [0x0000000081600000,0x000000008274ef98,0x0000000086200000)
 Metaspace       used 24750K, capacity 25312K, committed 25472K, reserved 1071104K
  class space    used 3190K, capacity 3350K, committed 3456K, reserved 1048576K
}
Event: 2.527 GC heap before
{Heap before GC invocations=6 (full 1):
 PSYoungGen      total 53248K, used 53246K [0x00000000d5d00000, 0x00000000da800000, 0x0000000100000000)
  eden space 48128K, 100% used [0x00000000d5d00000,0x00000000d8c00000,0x00000000d8c00000)
  from space 5120K, 99% used [0x00000000da300000,0x00000000da7ff918,0x00000000da800000)
  to   space 5120K, 0% used [0x00000000d9e00000,0x00000000d9e00000,0x00000000da300000)
 ParOldGen       total 77824K, used 17723K [0x0000000081600000, 0x0000000086200000, 0x00000000d5d00000)
  object space 77824K, 22% used [0x0000000081600000,0x000000008274ef98,0x0000000086200000)
 Metaspace       used 32731K, capacity 33256K, committed 33536K, reserved 1079296K
  class space    used 4173K, capacity 4350K, committed 4352K, reserved 1048576K
Event: 2.542 GC heap after
Heap after GC invocations=6 (full 1):
 PSYoungGen      total 71680K, used 5111K [0x00000000d5d00000, 0x00000000dc880000, 0x0000000100000000)
  eden space 66560K, 0% used [0x00000000d5d00000,0x00000000d5d00000,0x00000000d9e00000)
  from space 5120K, 99% used [0x00000000d9e00000,0x00000000da2fdc80,0x00000000da300000)
  to   space 19968K, 0% used [0x00000000db500000,0x00000000db500000,0x00000000dc880000)
 ParOldGen       total 77824K, used 29961K [0x0000000081600000, 0x0000000086200000, 0x00000000d5d00000)
  object space 77824K, 38% used [0x0000000081600000,0x0000000083342778,0x0000000086200000)
 Metaspace       used 32731K, capacity 33256K, committed 33536K, reserved 1079296K
  class space    used 4173K, capacity 4350K, committed 4352K, reserved 1048576K
}
Event: 2.706 GC heap before
{Heap before GC invocations=7 (full 1):
 PSYoungGen      total 71680K, used 18296K [0x00000000d5d00000, 0x00000000dc880000, 0x0000000100000000)
  eden space 66560K, 19% used [0x00000000d5d00000,0x00000000d69e0678,0x00000000d9e00000)
  from space 5120K, 99% used [0x00000000d9e00000,0x00000000da2fdc80,0x00000000da300000)
  to   space 19968K, 0% used [0x00000000db500000,0x00000000db500000,0x00000000dc880000)
 ParOldGen       total 77824K, used 29961K [0x0000000081600000, 0x0000000086200000, 0x00000000d5d00000)
  object space 77824K, 38% used [0x0000000081600000,0x0000000083342778,0x0000000086200000)
 Metaspace       used 34554K, capacity 35135K, committed 35416K, reserved 1081344K
  class space    used 4371K, capacity 4544K, committed 4608K, reserved 1048576K
Event: 2.711 GC heap after
Heap after GC invocations=7 (full 1):
 PSYoungGen      total 90624K, used 7989K [0x00000000d5d00000, 0x00000000de380000, 0x0000000100000000)
  eden space 70656K, 0% used [0x00000000d5d00000,0x00000000d5d00000,0x00000000da200000)
  from space 19968K, 40% used [0x00000000db500000,0x00000000dbccd5a8,0x00000000dc880000)
  to   space 19456K, 0% used [0x00000000da200000,0x00000000da200000,0x00000000db500000)
 ParOldGen       total 77824K, used 29969K [0x0000000081600000, 0x0000000086200000, 0x00000000d5d00000)
  object space 77824K, 38% used [0x0000000081600000,0x0000000083344778,0x0000000086200000)
 Metaspace       used 34554K, capacity 35135K, committed 35416K, reserved 1081344K
  class space    used 4371K, capacity 4544K, committed 4608K, reserved 1048576K
}
Event: 2.711 GC heap before
{Heap before GC invocations=8 (full 2):
 PSYoungGen      total 90624K, used 7989K [0x00000000d5d00000, 0x00000000de380000, 0x0000000100000000)
  eden space 70656K, 0% used [0x00000000d5d00000,0x00000000d5d00000,0x00000000da200000)
  from space 19968K, 40% used [0x00000000db500000,0x00000000dbccd5a8,0x00000000dc880000)
  to   space 19456K, 0% used [0x00000000da200000,0x00000000da200000,0x00000000db500000)
 ParOldGen       total 77824K, used 29969K [0x0000000081600000, 0x0000000086200000, 0x00000000d5d00000)
  object space 77824K, 38% used [0x0000000081600000,0x0000000083344778,0x0000000086200000)
 Metaspace       used 34554K, capacity 35135K, committed 35416K, reserved 1081344K
  class space    used 4371K, capacity 4544K, committed 4608K, reserved 1048576K
Event: 2.757 GC heap after
Heap after GC invocations=8 (full 2):
 PSYoungGen      total 90624K, used 0K [0x00000000d5d00000, 0x00000000de380000, 0x0000000100000000)
  eden space 70656K, 0% used [0x00000000d5d00000,0x00000000d5d00000,0x00000000da200000)
  from space 19968K, 0% used [0x00000000db500000,0x00000000db500000,0x00000000dc880000)
  to   space 19456K, 0% used [0x00000000da200000,0x00000000da200000,0x00000000db500000)
 ParOldGen       total 118784K, used 23641K [0x0000000081600000, 0x0000000088a00000, 0x00000000d5d00000)
  object space 118784K, 19% used [0x0000000081600000,0x0000000082d16450,0x0000000088a00000)
 Metaspace       used 34554K, capacity 35135K, committed 35416K, reserved 1081344K
  class space    used 4371K, capacity 4544K, committed 4608K, reserved 1048576K
}

