# JRE version: OpenJDK Runtime Environment (8.0_242-b01) (build 1.8.0_242-release-1644-b01)
# Java VM: OpenJDK 64-Bit Server VM (25.242-b01 mixed mode windows-amd64 compressed oops)
Heap:
 PSYoungGen      total 435712K, used 71544K [0x00000000d5580000, 0x00000000f2480000, 0x0000000100000000)
  eden space 398336K, 15% used [0x00000000d5580000,0x00000000d9255478,0x00000000eda80000)
  from space 37376K, 24% used [0x00000000eda80000,0x00000000ee388c18,0x00000000eff00000)
  to   space 25600K, 0% used [0x00000000eff00000,0x00000000eff00000,0x00000000f1800000)
 ParOldGen       total 91648K, used 91439K [0x0000000080000000, 0x0000000085980000, 0x00000000d5580000)
  object space 91648K, 99% used [0x0000000080000000,0x000000008594bc70,0x0000000085980000)
 Metaspace       used 85188K, capacity 89680K, committed 90752K, reserved 1126400K
  class space    used 11796K, capacity 12679K, committed 12928K, reserved 1048576K
GC Heap History (10 events):
Event: 9.581 GC heap before
{Heap before GC invocations=15 (full 3):
 PSYoungGen      total 312832K, used 2932K [0x00000000d5580000, 0x00000000ea080000, 0x0000000100000000)
  eden space 292352K, 0% used [0x00000000d5580000,0x00000000d5580000,0x00000000e7300000)
  from space 20480K, 14% used [0x00000000e8700000,0x00000000e89dd2a0,0x00000000e9b00000)
  to   space 20480K, 0% used [0x00000000e7300000,0x00000000e7300000,0x00000000e8700000)
 ParOldGen       total 61440K, used 47297K [0x0000000080000000, 0x0000000083c00000, 0x00000000d5580000)
  object space 61440K, 76% used [0x0000000080000000,0x0000000082e305d0,0x0000000083c00000)
 Metaspace       used 56640K, capacity 58940K, committed 59028K, reserved 1099776K
  class space    used 7672K, capacity 8139K, committed 8192K, reserved 1048576K
Event: 9.758 GC heap after
Heap after GC invocations=15 (full 3):
 PSYoungGen      total 312832K, used 0K [0x00000000d5580000, 0x00000000ea080000, 0x0000000100000000)
  eden space 292352K, 0% used [0x00000000d5580000,0x00000000d5580000,0x00000000e7300000)
  from space 20480K, 0% used [0x00000000e8700000,0x00000000e8700000,0x00000000e9b00000)
  to   space 20480K, 0% used [0x00000000e7300000,0x00000000e7300000,0x00000000e8700000)
 ParOldGen       total 91648K, used 33608K [0x0000000080000000, 0x0000000085980000, 0x00000000d5580000)
  object space 91648K, 36% used [0x0000000080000000,0x00000000820d2138,0x0000000085980000)
 Metaspace       used 56599K, capacity 58802K, committed 59028K, reserved 1099776K
  class space    used 7660K, capacity 8116K, committed 8192K, reserved 1048576K
}
Event: 12.905 GC heap before
{Heap before GC invocations=16 (full 3):
 PSYoungGen      total 312832K, used 292352K [0x00000000d5580000, 0x00000000ea080000, 0x0000000100000000)
  eden space 292352K, 100% used [0x00000000d5580000,0x00000000e7300000,0x00000000e7300000)
  from space 20480K, 0% used [0x00000000e8700000,0x00000000e8700000,0x00000000e9b00000)
  to   space 20480K, 0% used [0x00000000e7300000,0x00000000e7300000,0x00000000e8700000)
 ParOldGen       total 91648K, used 33608K [0x0000000080000000, 0x0000000085980000, 0x00000000d5580000)
  object space 91648K, 36% used [0x0000000080000000,0x00000000820d2138,0x0000000085980000)
 Metaspace       used 66926K, capacity 70318K, committed 70528K, reserved 1110016K
  class space    used 9194K, capacity 9854K, committed 9856K, reserved 1048576K
Event: 12.931 GC heap after
Heap after GC invocations=16 (full 3):
 PSYoungGen      total 312832K, used 20460K [0x00000000d5580000, 0x00000000f1800000, 0x0000000100000000)
  eden space 292352K, 0% used [0x00000000d5580000,0x00000000d5580000,0x00000000e7300000)
  from space 20480K, 99% used [0x00000000e7300000,0x00000000e86fb2c8,0x00000000e8700000)
  to   space 25600K, 0% used [0x00000000eff00000,0x00000000eff00000,0x00000000f1800000)
 ParOldGen       total 91648K, used 38426K [0x0000000080000000, 0x0000000085980000, 0x00000000d5580000)
  object space 91648K, 41% used [0x0000000080000000,0x0000000082586a98,0x0000000085980000)
 Metaspace       used 66926K, capacity 70318K, committed 70528K, reserved 1110016K
  class space    used 9194K, capacity 9854K, committed 9856K, reserved 1048576K
}
Event: 31.251 GC heap before
{Heap before GC invocations=17 (full 3):
 PSYoungGen      total 312832K, used 312812K [0x00000000d5580000, 0x00000000f1800000, 0x0000000100000000)
  eden space 292352K, 100% used [0x00000000d5580000,0x00000000e7300000,0x00000000e7300000)
  from space 20480K, 99% used [0x00000000e7300000,0x00000000e86fb2c8,0x00000000e8700000)
  to   space 25600K, 0% used [0x00000000eff00000,0x00000000eff00000,0x00000000f1800000)
 ParOldGen       total 91648K, used 38426K [0x0000000080000000, 0x0000000085980000, 0x00000000d5580000)
  object space 91648K, 41% used [0x0000000080000000,0x0000000082586a98,0x0000000085980000)
 Metaspace       used 76400K, capacity 80264K, committed 80384K, reserved 1118208K
  class space    used 10485K, capacity 11225K, committed 11264K, reserved 1048576K
Event: 31.293 GC heap after
Heap after GC invocations=17 (full 3):
 PSYoungGen      total 423936K, used 25599K [0x00000000d5580000, 0x00000000f2480000, 0x0000000100000000)
  eden space 398336K, 0% used [0x00000000d5580000,0x00000000d5580000,0x00000000eda80000)
  from space 25600K, 99% used [0x00000000eff00000,0x00000000f17fffd8,0x00000000f1800000)
  to   space 37376K, 0% used [0x00000000eda80000,0x00000000eda80000,0x00000000eff00000)
 ParOldGen       total 91648K, used 59249K [0x0000000080000000, 0x0000000085980000, 0x00000000d5580000)
  object space 91648K, 64% used [0x0000000080000000,0x00000000839dc560,0x0000000085980000)
 Metaspace       used 76400K, capacity 80264K, committed 80384K, reserved 1118208K
  class space    used 10485K, capacity 11225K, committed 11264K, reserved 1048576K
}
Event: 33.337 GC heap before
{Heap before GC invocations=18 (full 3):
 PSYoungGen      total 423936K, used 423935K [0x00000000d5580000, 0x00000000f2480000, 0x0000000100000000)
  eden space 398336K, 100% used [0x00000000d5580000,0x00000000eda80000,0x00000000eda80000)
  from space 25600K, 99% used [0x00000000eff00000,0x00000000f17fffd8,0x00000000f1800000)
  to   space 37376K, 0% used [0x00000000eda80000,0x00000000eda80000,0x00000000eff00000)
 ParOldGen       total 91648K, used 59249K [0x0000000080000000, 0x0000000085980000, 0x00000000d5580000)
  object space 91648K, 64% used [0x0000000080000000,0x00000000839dc560,0x0000000085980000)
 Metaspace       used 85420K, capacity 90318K, committed 90496K, reserved 1126400K
  class space    used 11883K, capacity 12834K, committed 12928K, reserved 1048576K
Event: 33.386 GC heap after
Heap after GC invocations=18 (full 3):
 PSYoungGen      total 435712K, used 37367K [0x00000000d5580000, 0x00000000f2480000, 0x0000000100000000)
  eden space 398336K, 0% used [0x00000000d5580000,0x00000000d5580000,0x00000000eda80000)
  from space 37376K, 99% used [0x00000000eda80000,0x00000000efefdcc8,0x00000000eff00000)
  to   space 25600K, 0% used [0x00000000eff00000,0x00000000eff00000,0x00000000f1800000)
 ParOldGen       total 91648K, used 75813K [0x0000000080000000, 0x0000000085980000, 0x00000000d5580000)
  object space 91648K, 82% used [0x0000000080000000,0x0000000084a09698,0x0000000085980000)
 Metaspace       used 85420K, capacity 90318K, committed 90496K, reserved 1126400K
  class space    used 11883K, capacity 12834K, committed 12928K, reserved 1048576K
}
Event: 33.386 GC heap before
{Heap before GC invocations=19 (full 4):
 PSYoungGen      total 435712K, used 37367K [0x00000000d5580000, 0x00000000f2480000, 0x0000000100000000)
  eden space 398336K, 0% used [0x00000000d5580000,0x00000000d5580000,0x00000000eda80000)
  from space 37376K, 99% used [0x00000000eda80000,0x00000000efefdcc8,0x00000000eff00000)
  to   space 25600K, 0% used [0x00000000eff00000,0x00000000eff00000,0x00000000f1800000)
 ParOldGen       total 91648K, used 75813K [0x0000000080000000, 0x0000000085980000, 0x00000000d5580000)
  object space 91648K, 82% used [0x0000000080000000,0x0000000084a09698,0x0000000085980000)
 Metaspace       used 85420K, capacity 90318K, committed 90496K, reserved 1126400K
  class space    used 11883K, capacity 12834K, committed 12928K, reserved 1048576K
Event: 33.890 GC heap after
Heap after GC invocations=19 (full 4):
 PSYoungGen      total 435712K, used 9251K [0x00000000d5580000, 0x00000000f2480000, 0x0000000100000000)
  eden space 398336K, 0% used [0x00000000d5580000,0x00000000d5580000,0x00000000eda80000)
  from space 37376K, 24% used [0x00000000eda80000,0x00000000ee388c18,0x00000000eff00000)
  to   space 25600K, 0% used [0x00000000eff00000,0x00000000eff00000,0x00000000f1800000)
 ParOldGen       total 91648K, used 91439K [0x0000000080000000, 0x0000000085980000, 0x00000000d5580000)
  object space 91648K, 99% used [0x0000000080000000,0x000000008594bc70,0x0000000085980000)
 Metaspace       used 85148K, capacity 89536K, committed 90496K, reserved 1126400K
  class space    used 11793K, capacity 12677K, committed 12928K, reserved 1048576K
}

