# JRE version: OpenJDK Runtime Environment (8.0_242-b01) (build 1.8.0_242-release-1644-b01)
# Java VM: OpenJDK 64-Bit Server VM (25.242-b01 mixed mode windows-amd64 compressed oops)
Heap:
 PSYoungGen      total 195584K, used 91059K [0x00000000d5580000, 0x00000000e5480000, 0x0000000100000000)
  eden space 171008K, 38% used [0x00000000d5580000,0x00000000d9672958,0x00000000dfc80000)
  from space 24576K, 99% used [0x00000000dfc80000,0x00000000e147a500,0x00000000e1480000)
  to   space 31232K, 0% used [0x00000000e3600000,0x00000000e3600000,0x00000000e5480000)
 ParOldGen       total 151040K, used 45538K [0x0000000080000000, 0x0000000089380000, 0x00000000d5580000)
  object space 151040K, 30% used [0x0000000080000000,0x0000000082c78998,0x0000000089380000)
 Metaspace       used 73185K, capacity 76754K, committed 77056K, reserved 1116160K
  class space    used 10010K, capacity 10662K, committed 10752K, reserved 1048576K
GC Heap History (10 events):
Event: 11.470 GC heap before
{Heap before GC invocations=14 (full 2):
 PSYoungGen      total 158208K, used 119542K [0x00000000d5580000, 0x00000000e0e00000, 0x0000000100000000)
  eden space 146432K, 73% used [0x00000000d5580000,0x00000000dbebe7e0,0x00000000de480000)
  from space 11776K, 99% used [0x00000000de480000,0x00000000defff300,0x00000000df000000)
  to   space 16896K, 0% used [0x00000000dfd80000,0x00000000dfd80000,0x00000000e0e00000)
 ParOldGen       total 92160K, used 25341K [0x0000000080000000, 0x0000000085a00000, 0x00000000d5580000)
  object space 92160K, 27% used [0x0000000080000000,0x00000000818bf720,0x0000000085a00000)
 Metaspace       used 56644K, capacity 58948K, committed 59028K, reserved 1099776K
  class space    used 7675K, capacity 8139K, committed 8192K, reserved 1048576K
Event: 11.488 GC heap after
Heap after GC invocations=14 (full 2):
 PSYoungGen      total 167424K, used 16866K [0x00000000d5580000, 0x00000000e2c00000, 0x0000000100000000)
  eden space 150528K, 0% used [0x00000000d5580000,0x00000000d5580000,0x00000000de880000)
  from space 16896K, 99% used [0x00000000dfd80000,0x00000000e0df8b20,0x00000000e0e00000)
  to   space 21504K, 0% used [0x00000000de880000,0x00000000de880000,0x00000000dfd80000)
 ParOldGen       total 92160K, used 31854K [0x0000000080000000, 0x0000000085a00000, 0x00000000d5580000)
  object space 92160K, 34% used [0x0000000080000000,0x0000000081f1bba8,0x0000000085a00000)
 Metaspace       used 56644K, capacity 58948K, committed 59028K, reserved 1099776K
  class space    used 7675K, capacity 8139K, committed 8192K, reserved 1048576K
}
Event: 11.488 GC heap before
{Heap before GC invocations=15 (full 3):
 PSYoungGen      total 167424K, used 16866K [0x00000000d5580000, 0x00000000e2c00000, 0x0000000100000000)
  eden space 150528K, 0% used [0x00000000d5580000,0x00000000d5580000,0x00000000de880000)
  from space 16896K, 99% used [0x00000000dfd80000,0x00000000e0df8b20,0x00000000e0e00000)
  to   space 21504K, 0% used [0x00000000de880000,0x00000000de880000,0x00000000dfd80000)
 ParOldGen       total 92160K, used 31854K [0x0000000080000000, 0x0000000085a00000, 0x00000000d5580000)
  object space 92160K, 34% used [0x0000000080000000,0x0000000081f1bba8,0x0000000085a00000)
 Metaspace       used 56644K, capacity 58948K, committed 59028K, reserved 1099776K
  class space    used 7675K, capacity 8139K, committed 8192K, reserved 1048576K
Event: 11.733 GC heap after
Heap after GC invocations=15 (full 3):
 PSYoungGen      total 167424K, used 0K [0x00000000d5580000, 0x00000000e2c00000, 0x0000000100000000)
  eden space 150528K, 0% used [0x00000000d5580000,0x00000000d5580000,0x00000000de880000)
  from space 16896K, 0% used [0x00000000dfd80000,0x00000000dfd80000,0x00000000e0e00000)
  to   space 21504K, 0% used [0x00000000de880000,0x00000000de880000,0x00000000dfd80000)
 ParOldGen       total 151040K, used 37239K [0x0000000080000000, 0x0000000089380000, 0x00000000d5580000)
  object space 151040K, 24% used [0x0000000080000000,0x000000008245dcd0,0x0000000089380000)
 Metaspace       used 56603K, capacity 58810K, committed 59028K, reserved 1099776K
  class space    used 7663K, capacity 8116K, committed 8192K, reserved 1048576K
}
Event: 13.486 GC heap before
{Heap before GC invocations=16 (full 3):
 PSYoungGen      total 167424K, used 150528K [0x00000000d5580000, 0x00000000e2c00000, 0x0000000100000000)
  eden space 150528K, 100% used [0x00000000d5580000,0x00000000de880000,0x00000000de880000)
  from space 16896K, 0% used [0x00000000dfd80000,0x00000000dfd80000,0x00000000e0e00000)
  to   space 21504K, 0% used [0x00000000de880000,0x00000000de880000,0x00000000dfd80000)
 ParOldGen       total 151040K, used 37239K [0x0000000080000000, 0x0000000089380000, 0x00000000d5580000)
  object space 151040K, 24% used [0x0000000080000000,0x000000008245dcd0,0x0000000089380000)
 Metaspace       used 64557K, capacity 67130K, committed 67328K, reserved 1107968K
  class space    used 8884K, capacity 9438K, committed 9472K, reserved 1048576K
Event: 13.505 GC heap after
Heap after GC invocations=16 (full 3):
 PSYoungGen      total 172032K, used 15029K [0x00000000d5580000, 0x00000000e2a00000, 0x0000000100000000)
  eden space 150528K, 0% used [0x00000000d5580000,0x00000000d5580000,0x00000000de880000)
  from space 21504K, 69% used [0x00000000de880000,0x00000000df72d560,0x00000000dfd80000)
  to   space 22016K, 0% used [0x00000000e1480000,0x00000000e1480000,0x00000000e2a00000)
 ParOldGen       total 151040K, used 37247K [0x0000000080000000, 0x0000000089380000, 0x00000000d5580000)
  object space 151040K, 24% used [0x0000000080000000,0x000000008245fcd0,0x0000000089380000)
 Metaspace       used 64557K, capacity 67130K, committed 67328K, reserved 1107968K
  class space    used 8884K, capacity 9438K, committed 9472K, reserved 1048576K
}
Event: 15.504 GC heap before
{Heap before GC invocations=17 (full 3):
 PSYoungGen      total 172032K, used 165557K [0x00000000d5580000, 0x00000000e2a00000, 0x0000000100000000)
  eden space 150528K, 100% used [0x00000000d5580000,0x00000000de880000,0x00000000de880000)
  from space 21504K, 69% used [0x00000000de880000,0x00000000df72d560,0x00000000dfd80000)
  to   space 22016K, 0% used [0x00000000e1480000,0x00000000e1480000,0x00000000e2a00000)
 ParOldGen       total 151040K, used 37247K [0x0000000080000000, 0x0000000089380000, 0x00000000d5580000)
  object space 151040K, 24% used [0x0000000080000000,0x000000008245fcd0,0x0000000089380000)
 Metaspace       used 67034K, capacity 70364K, committed 70528K, reserved 1110016K
  class space    used 9198K, capacity 9835K, committed 9856K, reserved 1048576K
Event: 15.527 GC heap after
Heap after GC invocations=17 (full 3):
 PSYoungGen      total 193024K, used 20252K [0x00000000d5580000, 0x00000000e2e80000, 0x0000000100000000)
  eden space 171008K, 0% used [0x00000000d5580000,0x00000000d5580000,0x00000000dfc80000)
  from space 22016K, 91% used [0x00000000e1480000,0x00000000e2847100,0x00000000e2a00000)
  to   space 24576K, 0% used [0x00000000dfc80000,0x00000000dfc80000,0x00000000e1480000)
 ParOldGen       total 151040K, used 37255K [0x0000000080000000, 0x0000000089380000, 0x00000000d5580000)
  object space 151040K, 24% used [0x0000000080000000,0x0000000082461cd0,0x0000000089380000)
 Metaspace       used 67034K, capacity 70364K, committed 70528K, reserved 1110016K
  class space    used 9198K, capacity 9835K, committed 9856K, reserved 1048576K
}
Event: 16.901 GC heap before
{Heap before GC invocations=18 (full 3):
 PSYoungGen      total 193024K, used 191260K [0x00000000d5580000, 0x00000000e2e80000, 0x0000000100000000)
  eden space 171008K, 100% used [0x00000000d5580000,0x00000000dfc80000,0x00000000dfc80000)
  from space 22016K, 91% used [0x00000000e1480000,0x00000000e2847100,0x00000000e2a00000)
  to   space 24576K, 0% used [0x00000000dfc80000,0x00000000dfc80000,0x00000000e1480000)
 ParOldGen       total 151040K, used 37255K [0x0000000080000000, 0x0000000089380000, 0x00000000d5580000)
  object space 151040K, 24% used [0x0000000080000000,0x0000000082461cd0,0x0000000089380000)
 Metaspace       used 72742K, capacity 76278K, committed 76416K, reserved 1116160K
  class space    used 9970K, capacity 10622K, committed 10624K, reserved 1048576K
Event: 16.928 GC heap after
Heap after GC invocations=18 (full 3):
 PSYoungGen      total 195584K, used 24553K [0x00000000d5580000, 0x00000000e5480000, 0x0000000100000000)
  eden space 171008K, 0% used [0x00000000d5580000,0x00000000d5580000,0x00000000dfc80000)
  from space 24576K, 99% used [0x00000000dfc80000,0x00000000e147a500,0x00000000e1480000)
  to   space 31232K, 0% used [0x00000000e3600000,0x00000000e3600000,0x00000000e5480000)
 ParOldGen       total 151040K, used 45538K [0x0000000080000000, 0x0000000089380000, 0x00000000d5580000)
  object space 151040K, 30% used [0x0000000080000000,0x0000000082c78998,0x0000000089380000)
 Metaspace       used 72742K, capacity 76278K, committed 76416K, reserved 1116160K
  class space    used 9970K, capacity 10622K, committed 10624K, reserved 1048576K
}

