# JRE version: OpenJDK Runtime Environment (8.0_242-b01) (build 1.8.0_242-release-1644-b01)
# Java VM: OpenJDK 64-Bit Server VM (25.242-b01 mixed mode windows-amd64 compressed oops)
Heap:
 PSYoungGen      total 629248K, used 429944K [0x00000000d5580000, 0x0000000100000000, 0x0000000100000000)
  eden space 559616K, 74% used [0x00000000d5580000,0x00000000eea24900,0x00000000f7800000)
  from space 69632K, 22% used [0x00000000f7800000,0x00000000f8739ac0,0x00000000fbc00000)
  to   space 67584K, 0% used [0x00000000fbe00000,0x00000000fbe00000,0x0000000100000000)
 ParOldGen       total 409600K, used 214790K [0x0000000080000000, 0x0000000099000000, 0x00000000d5580000)
  object space 409600K, 52% used [0x0000000080000000,0x000000008d1c1958,0x0000000099000000)
 Metaspace       used 99870K, capacity 105146K, committed 106584K, reserved 1140736K
  class space    used 13141K, capacity 14131K, committed 14720K, reserved 1048576K
GC Heap History (10 events):
Event: 49.128 GC heap before
{Heap before GC invocations=30 (full 4):
 PSYoungGen      total 504832K, used 486813K [0x00000000d5580000, 0x00000000fba80000, 0x0000000100000000)
  eden space 465920K, 100% used [0x00000000d5580000,0x00000000f1c80000,0x00000000f1c80000)
  from space 38912K, 53% used [0x00000000f1c80000,0x00000000f30e75c0,0x00000000f4280000)
  to   space 37376K, 0% used [0x00000000f9600000,0x00000000f9600000,0x00000000fba80000)
 ParOldGen       total 258560K, used 162136K [0x0000000080000000, 0x000000008fc80000, 0x00000000d5580000)
  object space 258560K, 62% used [0x0000000080000000,0x0000000089e56170,0x000000008fc80000)
 Metaspace       used 93816K, capacity 98634K, committed 100440K, reserved 1136640K
  class space    used 12668K, capacity 13565K, committed 14208K, reserved 1048576K
Event: 49.160 GC heap after
Heap after GC invocations=30 (full 4):
 PSYoungGen      total 587264K, used 9445K [0x00000000d5580000, 0x00000000fb900000, 0x0000000100000000)
  eden space 551424K, 0% used [0x00000000d5580000,0x00000000d5580000,0x00000000f7000000)
  from space 35840K, 26% used [0x00000000f9600000,0x00000000f9f396f0,0x00000000fb900000)
  to   space 37376K, 0% used [0x00000000f7000000,0x00000000f7000000,0x00000000f9480000)
 ParOldGen       total 258560K, used 172730K [0x0000000080000000, 0x000000008fc80000, 0x00000000d5580000)
  object space 258560K, 66% used [0x0000000080000000,0x000000008a8aeac8,0x000000008fc80000)
 Metaspace       used 93816K, capacity 98634K, committed 100440K, reserved 1136640K
  class space    used 12668K, capacity 13565K, committed 14208K, reserved 1048576K
}
Event: 50.855 GC heap before
{Heap before GC invocations=31 (full 4):
 PSYoungGen      total 587264K, used 560869K [0x00000000d5580000, 0x00000000fb900000, 0x0000000100000000)
  eden space 551424K, 100% used [0x00000000d5580000,0x00000000f7000000,0x00000000f7000000)
  from space 35840K, 26% used [0x00000000f9600000,0x00000000f9f396f0,0x00000000fb900000)
  to   space 37376K, 0% used [0x00000000f7000000,0x00000000f7000000,0x00000000f9480000)
 ParOldGen       total 258560K, used 172730K [0x0000000080000000, 0x000000008fc80000, 0x00000000d5580000)
  object space 258560K, 66% used [0x0000000080000000,0x000000008a8aeac8,0x000000008fc80000)
 Metaspace       used 93949K, capacity 98742K, committed 100696K, reserved 1136640K
  class space    used 12677K, capacity 13573K, committed 14208K, reserved 1048576K
Event: 50.879 GC heap after
Heap after GC invocations=31 (full 4):
 PSYoungGen      total 588800K, used 13721K [0x00000000d5580000, 0x00000000fff80000, 0x0000000100000000)
  eden space 551424K, 0% used [0x00000000d5580000,0x00000000d5580000,0x00000000f7000000)
  from space 37376K, 36% used [0x00000000f7000000,0x00000000f7d666e8,0x00000000f9480000)
  to   space 36352K, 0% used [0x00000000fdc00000,0x00000000fdc00000,0x00000000fff80000)
 ParOldGen       total 258560K, used 176081K [0x0000000080000000, 0x000000008fc80000, 0x00000000d5580000)
  object space 258560K, 68% used [0x0000000080000000,0x000000008abf4688,0x000000008fc80000)
 Metaspace       used 93949K, capacity 98742K, committed 100696K, reserved 1136640K
  class space    used 12677K, capacity 13573K, committed 14208K, reserved 1048576K
}
Event: 55.615 GC heap before
{Heap before GC invocations=32 (full 4):
 PSYoungGen      total 588800K, used 565145K [0x00000000d5580000, 0x00000000fff80000, 0x0000000100000000)
  eden space 551424K, 100% used [0x00000000d5580000,0x00000000f7000000,0x00000000f7000000)
  from space 37376K, 36% used [0x00000000f7000000,0x00000000f7d666e8,0x00000000f9480000)
  to   space 36352K, 0% used [0x00000000fdc00000,0x00000000fdc00000,0x00000000fff80000)
 ParOldGen       total 258560K, used 176081K [0x0000000080000000, 0x000000008fc80000, 0x00000000d5580000)
  object space 258560K, 68% used [0x0000000080000000,0x000000008abf4688,0x000000008fc80000)
 Metaspace       used 94746K, capacity 99766K, committed 101336K, reserved 1136640K
  class space    used 12755K, capacity 13663K, committed 14336K, reserved 1048576K
Event: 55.808 GC heap after
Heap after GC invocations=32 (full 4):
 PSYoungGen      total 595968K, used 36320K [0x00000000d5580000, 0x0000000100000000, 0x0000000100000000)
  eden space 559616K, 0% used [0x00000000d5580000,0x00000000d5580000,0x00000000f7800000)
  from space 36352K, 99% used [0x00000000fdc00000,0x00000000fff783a8,0x00000000fff80000)
  to   space 69632K, 0% used [0x00000000f7800000,0x00000000f7800000,0x00000000fbc00000)
 ParOldGen       total 258560K, used 253332K [0x0000000080000000, 0x000000008fc80000, 0x00000000d5580000)
  object space 258560K, 97% used [0x0000000080000000,0x000000008f765088,0x000000008fc80000)
 Metaspace       used 94746K, capacity 99766K, committed 101336K, reserved 1136640K
  class space    used 12755K, capacity 13663K, committed 14336K, reserved 1048576K
}
Event: 55.808 GC heap before
{Heap before GC invocations=33 (full 5):
 PSYoungGen      total 595968K, used 36320K [0x00000000d5580000, 0x0000000100000000, 0x0000000100000000)
  eden space 559616K, 0% used [0x00000000d5580000,0x00000000d5580000,0x00000000f7800000)
  from space 36352K, 99% used [0x00000000fdc00000,0x00000000fff783a8,0x00000000fff80000)
  to   space 69632K, 0% used [0x00000000f7800000,0x00000000f7800000,0x00000000fbc00000)
 ParOldGen       total 258560K, used 253332K [0x0000000080000000, 0x000000008fc80000, 0x00000000d5580000)
  object space 258560K, 97% used [0x0000000080000000,0x000000008f765088,0x000000008fc80000)
 Metaspace       used 94746K, capacity 99766K, committed 101336K, reserved 1136640K
  class space    used 12755K, capacity 13663K, committed 14336K, reserved 1048576K
Event: 56.659 GC heap after
Heap after GC invocations=33 (full 5):
 PSYoungGen      total 595968K, used 0K [0x00000000d5580000, 0x0000000100000000, 0x0000000100000000)
  eden space 559616K, 0% used [0x00000000d5580000,0x00000000d5580000,0x00000000f7800000)
  from space 36352K, 0% used [0x00000000fdc00000,0x00000000fdc00000,0x00000000fff80000)
  to   space 69632K, 0% used [0x00000000f7800000,0x00000000f7800000,0x00000000fbc00000)
 ParOldGen       total 409600K, used 214782K [0x0000000080000000, 0x0000000099000000, 0x00000000d5580000)
  object space 409600K, 52% used [0x0000000080000000,0x000000008d1bf958,0x0000000099000000)
 Metaspace       used 94683K, capacity 99590K, committed 101336K, reserved 1136640K
  class space    used 12733K, capacity 13623K, committed 14336K, reserved 1048576K
}
Event: 61.299 GC heap before
{Heap before GC invocations=34 (full 5):
 PSYoungGen      total 595968K, used 559616K [0x00000000d5580000, 0x0000000100000000, 0x0000000100000000)
  eden space 559616K, 100% used [0x00000000d5580000,0x00000000f7800000,0x00000000f7800000)
  from space 36352K, 0% used [0x00000000fdc00000,0x00000000fdc00000,0x00000000fff80000)
  to   space 69632K, 0% used [0x00000000f7800000,0x00000000f7800000,0x00000000fbc00000)
 ParOldGen       total 409600K, used 214782K [0x0000000080000000, 0x0000000099000000, 0x00000000d5580000)
  object space 409600K, 52% used [0x0000000080000000,0x000000008d1bf958,0x0000000099000000)
 Metaspace       used 97871K, capacity 102954K, committed 104408K, reserved 1138688K
  class space    used 13032K, capacity 13999K, committed 14592K, reserved 1048576K
Event: 61.319 GC heap after
Heap after GC invocations=34 (full 5):
 PSYoungGen      total 629248K, used 15590K [0x00000000d5580000, 0x0000000100000000, 0x0000000100000000)
  eden space 559616K, 0% used [0x00000000d5580000,0x00000000d5580000,0x00000000f7800000)
  from space 69632K, 22% used [0x00000000f7800000,0x00000000f8739ac0,0x00000000fbc00000)
  to   space 67584K, 0% used [0x00000000fbe00000,0x00000000fbe00000,0x0000000100000000)
 ParOldGen       total 409600K, used 214790K [0x0000000080000000, 0x0000000099000000, 0x00000000d5580000)
  object space 409600K, 52% used [0x0000000080000000,0x000000008d1c1958,0x0000000099000000)
 Metaspace       used 97871K, capacity 102954K, committed 104408K, reserved 1138688K
  class space    used 13032K, capacity 13999K, committed 14592K, reserved 1048576K
}

