# JRE version: OpenJDK Runtime Environment (8.0_242-b01) (build 1.8.0_242-release-1644-b01)
# Java VM: OpenJDK 64-Bit Server VM (25.242-b01 mixed mode windows-amd64 compressed oops)
Heap:
 PSYoungGen      total 364032K, used 202772K [0x00000000d5580000, 0x00000000edb80000, 0x0000000100000000)
  eden space 344576K, 53% used [0x00000000d5580000,0x00000000e08d5358,0x00000000ea600000)
  from space 19456K, 98% used [0x00000000ec880000,0x00000000edb2fd18,0x00000000edb80000)
  to   space 25600K, 0% used [0x00000000ea980000,0x00000000ea980000,0x00000000ec280000)
 ParOldGen       total 98816K, used 54648K [0x0000000080000000, 0x0000000086080000, 0x00000000d5580000)
  object space 98816K, 55% used [0x0000000080000000,0x000000008355e2b0,0x0000000086080000)
 Metaspace       used 78063K, capacity 81670K, committed 81752K, reserved 1120256K
  class space    used 10407K, capacity 11082K, committed 11136K, reserved 1048576K
GC Heap History (10 events):
Event: 7.824 GC heap before
{Heap before GC invocations=13 (full 2):
 PSYoungGen      total 196096K, used 195588K [0x00000000d5580000, 0x00000000e3100000, 0x0000000100000000)
  eden space 187392K, 100% used [0x00000000d5580000,0x00000000e0c80000,0x00000000e0c80000)
  from space 8704K, 94% used [0x00000000e2880000,0x00000000e3081070,0x00000000e3100000)
  to   space 12800K, 0% used [0x00000000e1800000,0x00000000e1800000,0x00000000e2480000)
 ParOldGen       total 65024K, used 18321K [0x0000000080000000, 0x0000000083f80000, 0x00000000d5580000)
  object space 65024K, 28% used [0x0000000080000000,0x00000000811e4640,0x0000000083f80000)
 Metaspace       used 52858K, capacity 54960K, committed 55128K, reserved 1097728K
  class space    used 7044K, capacity 7478K, committed 7552K, reserved 1048576K
Event: 7.855 GC heap after
Heap after GC invocations=13 (full 2):
 PSYoungGen      total 211968K, used 12790K [0x00000000d5580000, 0x00000000e8080000, 0x0000000100000000)
  eden space 199168K, 0% used [0x00000000d5580000,0x00000000d5580000,0x00000000e1800000)
  from space 12800K, 99% used [0x00000000e1800000,0x00000000e247dab8,0x00000000e2480000)
  to   space 19968K, 0% used [0x00000000e6d00000,0x00000000e6d00000,0x00000000e8080000)
 ParOldGen       total 65024K, used 33118K [0x0000000080000000, 0x0000000083f80000, 0x00000000d5580000)
  object space 65024K, 50% used [0x0000000080000000,0x0000000082057898,0x0000000083f80000)
 Metaspace       used 52858K, capacity 54960K, committed 55128K, reserved 1097728K
  class space    used 7044K, capacity 7478K, committed 7552K, reserved 1048576K
}
Event: 8.318 GC heap before
{Heap before GC invocations=14 (full 2):
 PSYoungGen      total 211968K, used 58047K [0x00000000d5580000, 0x00000000e8080000, 0x0000000100000000)
  eden space 199168K, 22% used [0x00000000d5580000,0x00000000d81b24f8,0x00000000e1800000)
  from space 12800K, 99% used [0x00000000e1800000,0x00000000e247dab8,0x00000000e2480000)
  to   space 19968K, 0% used [0x00000000e6d00000,0x00000000e6d00000,0x00000000e8080000)
 ParOldGen       total 65024K, used 33118K [0x0000000080000000, 0x0000000083f80000, 0x00000000d5580000)
  object space 65024K, 50% used [0x0000000080000000,0x0000000082057898,0x0000000083f80000)
 Metaspace       used 56631K, capacity 58956K, committed 59028K, reserved 1099776K
  class space    used 7667K, capacity 8141K, committed 8192K, reserved 1048576K
Event: 8.332 GC heap after
Heap after GC invocations=14 (full 2):
 PSYoungGen      total 286720K, used 5886K [0x00000000d5580000, 0x00000000e8b80000, 0x0000000100000000)
  eden space 266752K, 0% used [0x00000000d5580000,0x00000000d5580000,0x00000000e5a00000)
  from space 19968K, 29% used [0x00000000e6d00000,0x00000000e72bf9b0,0x00000000e8080000)
  to   space 19456K, 0% used [0x00000000e5a00000,0x00000000e5a00000,0x00000000e6d00000)
 ParOldGen       total 65024K, used 43853K [0x0000000080000000, 0x0000000083f80000, 0x00000000d5580000)
  object space 65024K, 67% used [0x0000000080000000,0x0000000082ad35e8,0x0000000083f80000)
 Metaspace       used 56631K, capacity 58956K, committed 59028K, reserved 1099776K
  class space    used 7667K, capacity 8141K, committed 8192K, reserved 1048576K
}
Event: 8.332 GC heap before
{Heap before GC invocations=15 (full 3):
 PSYoungGen      total 286720K, used 5886K [0x00000000d5580000, 0x00000000e8b80000, 0x0000000100000000)
  eden space 266752K, 0% used [0x00000000d5580000,0x00000000d5580000,0x00000000e5a00000)
  from space 19968K, 29% used [0x00000000e6d00000,0x00000000e72bf9b0,0x00000000e8080000)
  to   space 19456K, 0% used [0x00000000e5a00000,0x00000000e5a00000,0x00000000e6d00000)
 ParOldGen       total 65024K, used 43853K [0x0000000080000000, 0x0000000083f80000, 0x00000000d5580000)
  object space 65024K, 67% used [0x0000000080000000,0x0000000082ad35e8,0x0000000083f80000)
 Metaspace       used 56631K, capacity 58956K, committed 59028K, reserved 1099776K
  class space    used 7667K, capacity 8141K, committed 8192K, reserved 1048576K
Event: 8.510 GC heap after
Heap after GC invocations=15 (full 3):
 PSYoungGen      total 286720K, used 0K [0x00000000d5580000, 0x00000000e8b80000, 0x0000000100000000)
  eden space 266752K, 0% used [0x00000000d5580000,0x00000000d5580000,0x00000000e5a00000)
  from space 19968K, 0% used [0x00000000e6d00000,0x00000000e6d00000,0x00000000e8080000)
  to   space 19456K, 0% used [0x00000000e5a00000,0x00000000e5a00000,0x00000000e6d00000)
 ParOldGen       total 98816K, used 34937K [0x0000000080000000, 0x0000000086080000, 0x00000000d5580000)
  object space 98816K, 35% used [0x0000000080000000,0x000000008221e5a0,0x0000000086080000)
 Metaspace       used 56587K, capacity 58806K, committed 59028K, reserved 1099776K
  class space    used 7653K, capacity 8116K, committed 8192K, reserved 1048576K
}
Event: 11.185 GC heap before
{Heap before GC invocations=16 (full 3):
 PSYoungGen      total 286720K, used 266752K [0x00000000d5580000, 0x00000000e8b80000, 0x0000000100000000)
  eden space 266752K, 100% used [0x00000000d5580000,0x00000000e5a00000,0x00000000e5a00000)
  from space 19968K, 0% used [0x00000000e6d00000,0x00000000e6d00000,0x00000000e8080000)
  to   space 19456K, 0% used [0x00000000e5a00000,0x00000000e5a00000,0x00000000e6d00000)
 ParOldGen       total 98816K, used 34937K [0x0000000080000000, 0x0000000086080000, 0x00000000d5580000)
  object space 98816K, 35% used [0x0000000080000000,0x000000008221e5a0,0x0000000086080000)
 Metaspace       used 66711K, capacity 69832K, committed 69976K, reserved 1110016K
  class space    used 9154K, capacity 9789K, committed 9856K, reserved 1048576K
Event: 11.211 GC heap after
Heap after GC invocations=16 (full 3):
 PSYoungGen      total 286208K, used 19424K [0x00000000d5580000, 0x00000000ee000000, 0x0000000100000000)
  eden space 266752K, 0% used [0x00000000d5580000,0x00000000d5580000,0x00000000e5a00000)
  from space 19456K, 99% used [0x00000000e5a00000,0x00000000e6cf82a0,0x00000000e6d00000)
  to   space 24064K, 0% used [0x00000000ec880000,0x00000000ec880000,0x00000000ee000000)
 ParOldGen       total 98816K, used 39212K [0x0000000080000000, 0x0000000086080000, 0x00000000d5580000)
  object space 98816K, 39% used [0x0000000080000000,0x000000008264b3a0,0x0000000086080000)
 Metaspace       used 66711K, capacity 69832K, committed 69976K, reserved 1110016K
  class space    used 9154K, capacity 9789K, committed 9856K, reserved 1048576K
}
Event: 40.829 GC heap before
{Heap before GC invocations=17 (full 3):
 PSYoungGen      total 286208K, used 286176K [0x00000000d5580000, 0x00000000ee000000, 0x0000000100000000)
  eden space 266752K, 100% used [0x00000000d5580000,0x00000000e5a00000,0x00000000e5a00000)
  from space 19456K, 99% used [0x00000000e5a00000,0x00000000e6cf82a0,0x00000000e6d00000)
  to   space 24064K, 0% used [0x00000000ec880000,0x00000000ec880000,0x00000000ee000000)
 ParOldGen       total 98816K, used 39212K [0x0000000080000000, 0x0000000086080000, 0x00000000d5580000)
  object space 98816K, 39% used [0x0000000080000000,0x000000008264b3a0,0x0000000086080000)
 Metaspace       used 77330K, capacity 80860K, committed 80984K, reserved 1120256K
  class space    used 10368K, capacity 11057K, committed 11136K, reserved 1048576K
Event: 40.859 GC heap after
Heap after GC invocations=17 (full 3):
 PSYoungGen      total 364032K, used 19135K [0x00000000d5580000, 0x00000000edb80000, 0x0000000100000000)
  eden space 344576K, 0% used [0x00000000d5580000,0x00000000d5580000,0x00000000ea600000)
  from space 19456K, 98% used [0x00000000ec880000,0x00000000edb2fd18,0x00000000edb80000)
  to   space 25600K, 0% used [0x00000000ea980000,0x00000000ea980000,0x00000000ec280000)
 ParOldGen       total 98816K, used 54648K [0x0000000080000000, 0x0000000086080000, 0x00000000d5580000)
  object space 98816K, 55% used [0x0000000080000000,0x000000008355e2b0,0x0000000086080000)
 Metaspace       used 77330K, capacity 80860K, committed 80984K, reserved 1120256K
  class space    used 10368K, capacity 11057K, committed 11136K, reserved 1048576K
}

