# JRE version: OpenJDK Runtime Environment (8.0_242-b01) (build 1.8.0_242-release-1644-b01)
# Java VM: OpenJDK 64-Bit Server VM (25.242-b01 mixed mode windows-amd64 compressed oops)
Heap:
 PSYoungGen      total 484352K, used 82235K [0x00000000d5580000, 0x00000000faf80000, 0x0000000100000000)
  eden space 452608K, 14% used [0x00000000d5580000,0x00000000d94eec20,0x00000000f0f80000)
  from space 31744K, 54% used [0x00000000f0f80000,0x00000000f2060040,0x00000000f2e80000)
  to   space 31232K, 0% used [0x00000000f9100000,0x00000000f9100000,0x00000000faf80000)
 ParOldGen       total 105984K, used 64729K [0x0000000080000000, 0x0000000086780000, 0x00000000d5580000)
  object space 105984K, 61% used [0x0000000080000000,0x0000000083f367d0,0x0000000086780000)
 Metaspace       used 78612K, capacity 82374K, committed 82520K, reserved 1120256K
  class space    used 10428K, capacity 11124K, committed 11136K, reserved 1048576K
GC Heap History (10 events):
Event: 8.633 GC heap before
{Heap before GC invocations=12 (full 2):
 PSYoungGen      total 267776K, used 169154K [0x00000000d5580000, 0x00000000edd80000, 0x0000000100000000)
  eden space 252928K, 61% used [0x00000000d5580000,0x00000000dec31980,0x00000000e4c80000)
  from space 14848K, 99% used [0x00000000e4c80000,0x00000000e5afef50,0x00000000e5b00000)
  to   space 19968K, 0% used [0x00000000eca00000,0x00000000eca00000,0x00000000edd80000)
 ParOldGen       total 66048K, used 23303K [0x0000000080000000, 0x0000000084080000, 0x00000000d5580000)
  object space 66048K, 35% used [0x0000000080000000,0x00000000816c1ef0,0x0000000084080000)
 Metaspace       used 56664K, capacity 58970K, committed 59028K, reserved 1099776K
  class space    used 7675K, capacity 8144K, committed 8192K, reserved 1048576K
Event: 8.654 GC heap after
Heap after GC invocations=12 (full 2):
 PSYoungGen      total 374272K, used 19957K [0x00000000d5580000, 0x00000000ee180000, 0x0000000100000000)
  eden space 354304K, 0% used [0x00000000d5580000,0x00000000d5580000,0x00000000eaf80000)
  from space 19968K, 99% used [0x00000000eca00000,0x00000000edd7d6d8,0x00000000edd80000)
  to   space 25600K, 0% used [0x00000000eaf80000,0x00000000eaf80000,0x00000000ec880000)
 ParOldGen       total 66048K, used 30861K [0x0000000080000000, 0x0000000084080000, 0x00000000d5580000)
  object space 66048K, 46% used [0x0000000080000000,0x0000000081e23650,0x0000000084080000)
 Metaspace       used 56664K, capacity 58970K, committed 59028K, reserved 1099776K
  class space    used 7675K, capacity 8144K, committed 8192K, reserved 1048576K
}
Event: 8.654 GC heap before
{Heap before GC invocations=13 (full 3):
 PSYoungGen      total 374272K, used 19957K [0x00000000d5580000, 0x00000000ee180000, 0x0000000100000000)
  eden space 354304K, 0% used [0x00000000d5580000,0x00000000d5580000,0x00000000eaf80000)
  from space 19968K, 99% used [0x00000000eca00000,0x00000000edd7d6d8,0x00000000edd80000)
  to   space 25600K, 0% used [0x00000000eaf80000,0x00000000eaf80000,0x00000000ec880000)
 ParOldGen       total 66048K, used 30861K [0x0000000080000000, 0x0000000084080000, 0x00000000d5580000)
  object space 66048K, 46% used [0x0000000080000000,0x0000000081e23650,0x0000000084080000)
 Metaspace       used 56664K, capacity 58970K, committed 59028K, reserved 1099776K
  class space    used 7675K, capacity 8144K, committed 8192K, reserved 1048576K
Event: 8.858 GC heap after
Heap after GC invocations=13 (full 3):
 PSYoungGen      total 374272K, used 0K [0x00000000d5580000, 0x00000000ee180000, 0x0000000100000000)
  eden space 354304K, 0% used [0x00000000d5580000,0x00000000d5580000,0x00000000eaf80000)
  from space 19968K, 0% used [0x00000000eca00000,0x00000000eca00000,0x00000000edd80000)
  to   space 25600K, 0% used [0x00000000eaf80000,0x00000000eaf80000,0x00000000ec880000)
 ParOldGen       total 105984K, used 40037K [0x0000000080000000, 0x0000000086780000, 0x00000000d5580000)
  object space 105984K, 37% used [0x0000000080000000,0x0000000082719518,0x0000000086780000)
 Metaspace       used 56614K, capacity 58802K, committed 59028K, reserved 1099776K
  class space    used 7660K, capacity 8116K, committed 8192K, reserved 1048576K
}
Event: 12.195 GC heap before
{Heap before GC invocations=14 (full 3):
 PSYoungGen      total 374272K, used 354304K [0x00000000d5580000, 0x00000000ee180000, 0x0000000100000000)
  eden space 354304K, 100% used [0x00000000d5580000,0x00000000eaf80000,0x00000000eaf80000)
  from space 19968K, 0% used [0x00000000eca00000,0x00000000eca00000,0x00000000edd80000)
  to   space 25600K, 0% used [0x00000000eaf80000,0x00000000eaf80000,0x00000000ec880000)
 ParOldGen       total 105984K, used 40037K [0x0000000080000000, 0x0000000086780000, 0x00000000d5580000)
  object space 105984K, 37% used [0x0000000080000000,0x0000000082719518,0x0000000086780000)
 Metaspace       used 67596K, capacity 70926K, committed 71128K, reserved 1110016K
  class space    used 9256K, capacity 9888K, committed 9984K, reserved 1048576K
Event: 12.229 GC heap after
Heap after GC invocations=14 (full 3):
 PSYoungGen      total 379904K, used 25584K [0x00000000d5580000, 0x00000000f5900000, 0x0000000100000000)
  eden space 354304K, 0% used [0x00000000d5580000,0x00000000d5580000,0x00000000eaf80000)
  from space 25600K, 99% used [0x00000000eaf80000,0x00000000ec87c0c0,0x00000000ec880000)
  to   space 31232K, 0% used [0x00000000f3a80000,0x00000000f3a80000,0x00000000f5900000)
 ParOldGen       total 105984K, used 44141K [0x0000000080000000, 0x0000000086780000, 0x00000000d5580000)
  object space 105984K, 41% used [0x0000000080000000,0x0000000082b1b6b8,0x0000000086780000)
 Metaspace       used 67596K, capacity 70926K, committed 71128K, reserved 1110016K
  class space    used 9256K, capacity 9888K, committed 9984K, reserved 1048576K
}
Event: 58.868 GC heap before
{Heap before GC invocations=15 (full 3):
 PSYoungGen      total 379904K, used 379888K [0x00000000d5580000, 0x00000000f5900000, 0x0000000100000000)
  eden space 354304K, 100% used [0x00000000d5580000,0x00000000eaf80000,0x00000000eaf80000)
  from space 25600K, 99% used [0x00000000eaf80000,0x00000000ec87c0c0,0x00000000ec880000)
  to   space 31232K, 0% used [0x00000000f3a80000,0x00000000f3a80000,0x00000000f5900000)
 ParOldGen       total 105984K, used 44141K [0x0000000080000000, 0x0000000086780000, 0x00000000d5580000)
  object space 105984K, 41% used [0x0000000080000000,0x0000000082b1b6b8,0x0000000086780000)
 Metaspace       used 75549K, capacity 79046K, committed 79320K, reserved 1118208K
  class space    used 10081K, capacity 10710K, committed 10752K, reserved 1048576K
Event: 58.899 GC heap after
Heap after GC invocations=15 (full 3):
 PSYoungGen      total 470016K, used 19044K [0x00000000d5580000, 0x00000000f4d80000, 0x0000000100000000)
  eden space 450560K, 0% used [0x00000000d5580000,0x00000000d5580000,0x00000000f0d80000)
  from space 19456K, 97% used [0x00000000f3a80000,0x00000000f4d192c0,0x00000000f4d80000)
  to   space 31744K, 0% used [0x00000000f0f80000,0x00000000f0f80000,0x00000000f2e80000)
 ParOldGen       total 105984K, used 64721K [0x0000000080000000, 0x0000000086780000, 0x00000000d5580000)
  object space 105984K, 61% used [0x0000000080000000,0x0000000083f347d0,0x0000000086780000)
 Metaspace       used 75549K, capacity 79046K, committed 79320K, reserved 1118208K
  class space    used 10081K, capacity 10710K, committed 10752K, reserved 1048576K
}
Event: 259.568 GC heap before
{Heap before GC invocations=16 (full 3):
 PSYoungGen      total 470016K, used 469604K [0x00000000d5580000, 0x00000000f4d80000, 0x0000000100000000)
  eden space 450560K, 100% used [0x00000000d5580000,0x00000000f0d80000,0x00000000f0d80000)
  from space 19456K, 97% used [0x00000000f3a80000,0x00000000f4d192c0,0x00000000f4d80000)
  to   space 31744K, 0% used [0x00000000f0f80000,0x00000000f0f80000,0x00000000f2e80000)
 ParOldGen       total 105984K, used 64721K [0x0000000080000000, 0x0000000086780000, 0x00000000d5580000)
  object space 105984K, 61% used [0x0000000080000000,0x0000000083f347d0,0x0000000086780000)
 Metaspace       used 76531K, capacity 80218K, committed 80344K, reserved 1118208K
  class space    used 10107K, capacity 10750K, committed 10752K, reserved 1048576K
Event: 259.590 GC heap after
Heap after GC invocations=16 (full 3):
 PSYoungGen      total 484352K, used 17280K [0x00000000d5580000, 0x00000000faf80000, 0x0000000100000000)
  eden space 452608K, 0% used [0x00000000d5580000,0x00000000d5580000,0x00000000f0f80000)
  from space 31744K, 54% used [0x00000000f0f80000,0x00000000f2060040,0x00000000f2e80000)
  to   space 31232K, 0% used [0x00000000f9100000,0x00000000f9100000,0x00000000faf80000)
 ParOldGen       total 105984K, used 64729K [0x0000000080000000, 0x0000000086780000, 0x00000000d5580000)
  object space 105984K, 61% used [0x0000000080000000,0x0000000083f367d0,0x0000000086780000)
 Metaspace       used 76531K, capacity 80218K, committed 80344K, reserved 1118208K
  class space    used 10107K, capacity 10750K, committed 10752K, reserved 1048576K
}

