# JRE version: OpenJDK Runtime Environment (8.0_242-b01) (build 1.8.0_242-release-1644-b01)
# Java VM: OpenJDK 64-Bit Server VM (25.242-b01 mixed mode windows-amd64 compressed oops)
Heap:
 PSYoungGen      total 567808K, used 171367K [0x00000000d5580000, 0x00000000fb800000, 0x0000000100000000)
  eden space 519680K, 28% used [0x00000000d5580000,0x00000000de770e50,0x00000000f5100000)
  from space 48128K, 45% used [0x00000000f8900000,0x00000000f9e68f10,0x00000000fb800000)
  to   space 52736K, 0% used [0x00000000f5100000,0x00000000f5100000,0x00000000f8480000)
 ParOldGen       total 234496K, used 146471K [0x0000000080000000, 0x000000008e500000, 0x00000000d5580000)
  object space 234496K, 62% used [0x0000000080000000,0x0000000088f09fe8,0x000000008e500000)
 Metaspace       used 97236K, capacity 102262K, committed 102360K, reserved 1138688K
  class space    used 12877K, capacity 13823K, committed 13824K, reserved 1048576K
GC Heap History (10 events):
Event: 15.036 GC heap before
{Heap before GC invocations=18 (full 3):
 PSYoungGen      total 394240K, used 393270K [0x00000000d5580000, 0x00000000ef580000, 0x0000000100000000)
  eden space 372736K, 100% used [0x00000000d5580000,0x00000000ec180000,0x00000000ec180000)
  from space 21504K, 95% used [0x00000000ee080000,0x00000000ef48db18,0x00000000ef580000)
  to   space 26624K, 0% used [0x00000000ec180000,0x00000000ec180000,0x00000000edb80000)
 ParOldGen       total 96256K, used 57435K [0x0000000080000000, 0x0000000085e00000, 0x00000000d5580000)
  object space 96256K, 59% used [0x0000000080000000,0x0000000083816f40,0x0000000085e00000)
 Metaspace       used 79928K, capacity 84274K, committed 84440K, reserved 1122304K
  class space    used 11104K, capacity 11928K, committed 12032K, reserved 1048576K
Event: 15.144 GC heap after
Heap after GC invocations=18 (full 3):
 PSYoungGen      total 399360K, used 26621K [0x00000000d5580000, 0x00000000faf80000, 0x0000000100000000)
  eden space 372736K, 0% used [0x00000000d5580000,0x00000000d5580000,0x00000000ec180000)
  from space 26624K, 99% used [0x00000000ec180000,0x00000000edb7f690,0x00000000edb80000)
  to   space 59392K, 0% used [0x00000000f7580000,0x00000000f7580000,0x00000000faf80000)
 ParOldGen       total 135168K, used 134829K [0x0000000080000000, 0x0000000088400000, 0x00000000d5580000)
  object space 135168K, 99% used [0x0000000080000000,0x00000000883ab578,0x0000000088400000)
 Metaspace       used 79928K, capacity 84274K, committed 84440K, reserved 1122304K
  class space    used 11104K, capacity 11928K, committed 12032K, reserved 1048576K
}
Event: 15.144 GC heap before
{Heap before GC invocations=19 (full 4):
 PSYoungGen      total 399360K, used 26621K [0x00000000d5580000, 0x00000000faf80000, 0x0000000100000000)
  eden space 372736K, 0% used [0x00000000d5580000,0x00000000d5580000,0x00000000ec180000)
  from space 26624K, 99% used [0x00000000ec180000,0x00000000edb7f690,0x00000000edb80000)
  to   space 59392K, 0% used [0x00000000f7580000,0x00000000f7580000,0x00000000faf80000)
 ParOldGen       total 135168K, used 134829K [0x0000000080000000, 0x0000000088400000, 0x00000000d5580000)
  object space 135168K, 99% used [0x0000000080000000,0x00000000883ab578,0x0000000088400000)
 Metaspace       used 79928K, capacity 84274K, committed 84440K, reserved 1122304K
  class space    used 11104K, capacity 11928K, committed 12032K, reserved 1048576K
Event: 15.997 GC heap after
Heap after GC invocations=19 (full 4):
 PSYoungGen      total 399360K, used 24428K [0x00000000d5580000, 0x00000000faf80000, 0x0000000100000000)
  eden space 372736K, 0% used [0x00000000d5580000,0x00000000d5580000,0x00000000ec180000)
  from space 26624K, 91% used [0x00000000ec180000,0x00000000ed95b228,0x00000000edb80000)
  to   space 59392K, 0% used [0x00000000f7580000,0x00000000f7580000,0x00000000faf80000)
 ParOldGen       total 234496K, used 126947K [0x0000000080000000, 0x000000008e500000, 0x00000000d5580000)
  object space 234496K, 54% used [0x0000000080000000,0x0000000087bf8df0,0x000000008e500000)
 Metaspace       used 79601K, capacity 83332K, committed 84440K, reserved 1122304K
  class space    used 10995K, capacity 11737K, committed 12032K, reserved 1048576K
}
Event: 78.221 GC heap before
{Heap before GC invocations=20 (full 4):
 PSYoungGen      total 399360K, used 397164K [0x00000000d5580000, 0x00000000faf80000, 0x0000000100000000)
  eden space 372736K, 100% used [0x00000000d5580000,0x00000000ec180000,0x00000000ec180000)
  from space 26624K, 91% used [0x00000000ec180000,0x00000000ed95b228,0x00000000edb80000)
  to   space 59392K, 0% used [0x00000000f7580000,0x00000000f7580000,0x00000000faf80000)
 ParOldGen       total 234496K, used 126947K [0x0000000080000000, 0x000000008e500000, 0x00000000d5580000)
  object space 234496K, 54% used [0x0000000080000000,0x0000000087bf8df0,0x000000008e500000)
 Metaspace       used 85384K, capacity 89596K, committed 89944K, reserved 1126400K
  class space    used 11522K, capacity 12313K, committed 12416K, reserved 1048576K
Event: 78.286 GC heap after
Heap after GC invocations=20 (full 4):
 PSYoungGen      total 488448K, used 27563K [0x00000000d5580000, 0x00000000f9080000, 0x0000000100000000)
  eden space 460800K, 0% used [0x00000000d5580000,0x00000000d5580000,0x00000000f1780000)
  from space 27648K, 99% used [0x00000000f7580000,0x00000000f906af68,0x00000000f9080000)
  to   space 57856K, 0% used [0x00000000f1f80000,0x00000000f1f80000,0x00000000f5800000)
 ParOldGen       total 234496K, used 146455K [0x0000000080000000, 0x000000008e500000, 0x00000000d5580000)
  object space 234496K, 62% used [0x0000000080000000,0x0000000088f05fe8,0x000000008e500000)
 Metaspace       used 85384K, capacity 89596K, committed 89944K, reserved 1126400K
  class space    used 11522K, capacity 12313K, committed 12416K, reserved 1048576K
}
Event: 180.936 GC heap before
{Heap before GC invocations=21 (full 4):
 PSYoungGen      total 488448K, used 488363K [0x00000000d5580000, 0x00000000f9080000, 0x0000000100000000)
  eden space 460800K, 100% used [0x00000000d5580000,0x00000000f1780000,0x00000000f1780000)
  from space 27648K, 99% used [0x00000000f7580000,0x00000000f906af68,0x00000000f9080000)
  to   space 57856K, 0% used [0x00000000f1f80000,0x00000000f1f80000,0x00000000f5800000)
 ParOldGen       total 234496K, used 146455K [0x0000000080000000, 0x000000008e500000, 0x00000000d5580000)
  object space 234496K, 62% used [0x0000000080000000,0x0000000088f05fe8,0x000000008e500000)
 Metaspace       used 86339K, capacity 90748K, committed 90968K, reserved 1128448K
  class space    used 11555K, capacity 12369K, committed 12416K, reserved 1048576K
Event: 180.954 GC heap after
Heap after GC invocations=21 (full 4):
 PSYoungGen      total 526848K, used 12856K [0x00000000d5580000, 0x00000000fbf80000, 0x0000000100000000)
  eden space 468992K, 0% used [0x00000000d5580000,0x00000000d5580000,0x00000000f1f80000)
  from space 57856K, 22% used [0x00000000f1f80000,0x00000000f2c0e0f8,0x00000000f5800000)
  to   space 55808K, 0% used [0x00000000f8900000,0x00000000f8900000,0x00000000fbf80000)
 ParOldGen       total 234496K, used 146463K [0x0000000080000000, 0x000000008e500000, 0x00000000d5580000)
  object space 234496K, 62% used [0x0000000080000000,0x0000000088f07fe8,0x000000008e500000)
 Metaspace       used 86339K, capacity 90748K, committed 90968K, reserved 1128448K
  class space    used 11555K, capacity 12369K, committed 12416K, reserved 1048576K
}
Event: 220.685 GC heap before
{Heap before GC invocations=22 (full 4):
 PSYoungGen      total 526848K, used 481844K [0x00000000d5580000, 0x00000000fbf80000, 0x0000000100000000)
  eden space 468992K, 99% used [0x00000000d5580000,0x00000000f1f7ef60,0x00000000f1f80000)
  from space 57856K, 22% used [0x00000000f1f80000,0x00000000f2c0e0f8,0x00000000f5800000)
  to   space 55808K, 0% used [0x00000000f8900000,0x00000000f8900000,0x00000000fbf80000)
 ParOldGen       total 234496K, used 146463K [0x0000000080000000, 0x000000008e500000, 0x00000000d5580000)
  object space 234496K, 62% used [0x0000000080000000,0x0000000088f07fe8,0x000000008e500000)
 Metaspace       used 91241K, capacity 96032K, committed 96216K, reserved 1132544K
  class space    used 12122K, capacity 13015K, committed 13056K, reserved 1048576K
Event: 220.704 GC heap after
Heap after GC invocations=22 (full 4):
 PSYoungGen      total 567808K, used 21923K [0x00000000d5580000, 0x00000000fb800000, 0x0000000100000000)
  eden space 519680K, 0% used [0x00000000d5580000,0x00000000d5580000,0x00000000f5100000)
  from space 48128K, 45% used [0x00000000f8900000,0x00000000f9e68f10,0x00000000fb800000)
  to   space 52736K, 0% used [0x00000000f5100000,0x00000000f5100000,0x00000000f8480000)
 ParOldGen       total 234496K, used 146471K [0x0000000080000000, 0x000000008e500000, 0x00000000d5580000)
  object space 234496K, 62% used [0x0000000080000000,0x0000000088f09fe8,0x000000008e500000)
 Metaspace       used 91241K, capacity 96032K, committed 96216K, reserved 1132544K
  class space    used 12122K, capacity 13015K, committed 13056K, reserved 1048576K
}

